Added Component: Designator=*1(DBV)
Added Component: Designator=*(DBV)
Added Component: Designator=C1(RAD-0.3)
Add component (AddParameter): Name = "LatestRevisionDate"; Value = "17-Jul-2002"; VariantName = "[No Variations]"
Add component (AddParameter): Name = "LatestRevisionNote"; Value = "Re-released for DXP Platform."; VariantName = "[No Variations]"
Add component (AddParameter): Name = "PackageDescription"; Value = "Radial Cap, Thru-Hole; 2 Leads; 0.3 in Pin Spacing"; VariantName = "[No Variations]"
Add component (AddParameter): Name = "PackageReference"; Value = "RAD-0.3"; VariantName = "[No Variations]"
Add component (AddParameter): Name = "Published"; Value = "8-Jun-2000"; VariantName = "[No Variations]"
Add component (AddParameter): Name = "Publisher"; Value = "Altium Limited"; VariantName = "[No Variations]"
Add component (AddParameter): Name = "Value"; Value = "4.7uF"; VariantName = "[No Variations]"
Added Component: Designator=C2(RAD-0.3)
Add component (AddParameter): Name = "LatestRevisionDate"; Value = "17-Jul-2002"; VariantName = "[No Variations]"
Add component (AddParameter): Name = "LatestRevisionNote"; Value = "Re-released for DXP Platform."; VariantName = "[No Variations]"
Add component (AddParameter): Name = "PackageDescription"; Value = "Radial Cap, Thru-Hole; 2 Leads; 0.3 in Pin Spacing"; VariantName = "[No Variations]"
Add component (AddParameter): Name = "PackageReference"; Value = "RAD-0.3"; VariantName = "[No Variations]"
Add component (AddParameter): Name = "Published"; Value = "8-Jun-2000"; VariantName = "[No Variations]"
Add component (AddParameter): Name = "Publisher"; Value = "Altium Limited"; VariantName = "[No Variations]"
Add component (AddParameter): Name = "Value"; Value = "4.7uF"; VariantName = "[No Variations]"
Added Component: Designator=C3(RAD-0.3)
Add component (AddParameter): Name = "LatestRevisionDate"; Value = "17-Jul-2002"; VariantName = "[No Variations]"
Add component (AddParameter): Name = "LatestRevisionNote"; Value = "Re-released for DXP Platform."; VariantName = "[No Variations]"
Add component (AddParameter): Name = "PackageDescription"; Value = "Radial Cap, Thru-Hole; 2 Leads; 0.3 in Pin Spacing"; VariantName = "[No Variations]"
Add component (AddParameter): Name = "PackageReference"; Value = "RAD-0.3"; VariantName = "[No Variations]"
Add component (AddParameter): Name = "Published"; Value = "8-Jun-2000"; VariantName = "[No Variations]"
Add component (AddParameter): Name = "Publisher"; Value = "Altium Limited"; VariantName = "[No Variations]"
Add component (AddParameter): Name = "Value"; Value = "100nF"; VariantName = "[No Variations]"
Added Component: Designator=C4(RAD-0.3)
Add component (AddParameter): Name = "LatestRevisionDate"; Value = "17-Jul-2002"; VariantName = "[No Variations]"
Add component (AddParameter): Name = "LatestRevisionNote"; Value = "Re-released for DXP Platform."; VariantName = "[No Variations]"
Add component (AddParameter): Name = "PackageDescription"; Value = "Radial Cap, Thru-Hole; 2 Leads; 0.3 in Pin Spacing"; VariantName = "[No Variations]"
Add component (AddParameter): Name = "PackageReference"; Value = "RAD-0.3"; VariantName = "[No Variations]"
Add component (AddParameter): Name = "Published"; Value = "8-Jun-2000"; VariantName = "[No Variations]"
Add component (AddParameter): Name = "Publisher"; Value = "Altium Limited"; VariantName = "[No Variations]"
Add component (AddParameter): Name = "Value"; Value = "100nF"; VariantName = "[No Variations]"
Added Component: Designator=C5(RAD-0.3)
Add component (AddParameter): Name = "LatestRevisionDate"; Value = "17-Jul-2002"; VariantName = "[No Variations]"
Add component (AddParameter): Name = "LatestRevisionNote"; Value = "Re-released for DXP Platform."; VariantName = "[No Variations]"
Add component (AddParameter): Name = "PackageDescription"; Value = "Radial Cap, Thru-Hole; 2 Leads; 0.3 in Pin Spacing"; VariantName = "[No Variations]"
Add component (AddParameter): Name = "PackageReference"; Value = "RAD-0.3"; VariantName = "[No Variations]"
Add component (AddParameter): Name = "Published"; Value = "8-Jun-2000"; VariantName = "[No Variations]"
Add component (AddParameter): Name = "Publisher"; Value = "Altium Limited"; VariantName = "[No Variations]"
Add component (AddParameter): Name = "Value"; Value = "4.7uF"; VariantName = "[No Variations]"
Added Component: Designator=C6(RAD-0.3)
Add component (AddParameter): Name = "LatestRevisionDate"; Value = "17-Jul-2002"; VariantName = "[No Variations]"
Add component (AddParameter): Name = "LatestRevisionNote"; Value = "Re-released for DXP Platform."; VariantName = "[No Variations]"
Add component (AddParameter): Name = "PackageDescription"; Value = "Radial Cap, Thru-Hole; 2 Leads; 0.3 in Pin Spacing"; VariantName = "[No Variations]"
Add component (AddParameter): Name = "PackageReference"; Value = "RAD-0.3"; VariantName = "[No Variations]"
Add component (AddParameter): Name = "Published"; Value = "8-Jun-2000"; VariantName = "[No Variations]"
Add component (AddParameter): Name = "Publisher"; Value = "Altium Limited"; VariantName = "[No Variations]"
Add component (AddParameter): Name = "Value"; Value = "4.7uF"; VariantName = "[No Variations]"
Added Component: Designator=C7(RAD-0.3)
Add component (AddParameter): Name = "LatestRevisionDate"; Value = "17-Jul-2002"; VariantName = "[No Variations]"
Add component (AddParameter): Name = "LatestRevisionNote"; Value = "Re-released for DXP Platform."; VariantName = "[No Variations]"
Add component (AddParameter): Name = "PackageDescription"; Value = "Radial Cap, Thru-Hole; 2 Leads; 0.3 in Pin Spacing"; VariantName = "[No Variations]"
Add component (AddParameter): Name = "PackageReference"; Value = "RAD-0.3"; VariantName = "[No Variations]"
Add component (AddParameter): Name = "Published"; Value = "8-Jun-2000"; VariantName = "[No Variations]"
Add component (AddParameter): Name = "Publisher"; Value = "Altium Limited"; VariantName = "[No Variations]"
Add component (AddParameter): Name = "Value"; Value = "100nF"; VariantName = "[No Variations]"
Added Component: Designator=C8(RAD-0.3)
Add component (AddParameter): Name = "LatestRevisionDate"; Value = "17-Jul-2002"; VariantName = "[No Variations]"
Add component (AddParameter): Name = "LatestRevisionNote"; Value = "Re-released for DXP Platform."; VariantName = "[No Variations]"
Add component (AddParameter): Name = "PackageDescription"; Value = "Radial Cap, Thru-Hole; 2 Leads; 0.3 in Pin Spacing"; VariantName = "[No Variations]"
Add component (AddParameter): Name = "PackageReference"; Value = "RAD-0.3"; VariantName = "[No Variations]"
Add component (AddParameter): Name = "Published"; Value = "8-Jun-2000"; VariantName = "[No Variations]"
Add component (AddParameter): Name = "Publisher"; Value = "Altium Limited"; VariantName = "[No Variations]"
Add component (AddParameter): Name = "Value"; Value = "4.7uF"; VariantName = "[No Variations]"
Added Component: Designator=C9(RAD-0.3)
Add component (AddParameter): Name = "LatestRevisionDate"; Value = "17-Jul-2002"; VariantName = "[No Variations]"
Add component (AddParameter): Name = "LatestRevisionNote"; Value = "Re-released for DXP Platform."; VariantName = "[No Variations]"
Add component (AddParameter): Name = "PackageDescription"; Value = "Radial Cap, Thru-Hole; 2 Leads; 0.3 in Pin Spacing"; VariantName = "[No Variations]"
Add component (AddParameter): Name = "PackageReference"; Value = "RAD-0.3"; VariantName = "[No Variations]"
Add component (AddParameter): Name = "Published"; Value = "8-Jun-2000"; VariantName = "[No Variations]"
Add component (AddParameter): Name = "Publisher"; Value = "Altium Limited"; VariantName = "[No Variations]"
Add component (AddParameter): Name = "Value"; Value = "100nF"; VariantName = "[No Variations]"
Added Component: Designator=L1(0402-A)
Add component (AddParameter): Name = "Code_IEC"; Value = "1005"; VariantName = "[No Variations]"
Add component (AddParameter): Name = "Code_JEITA"; Value = "0402"; VariantName = "[No Variations]"
Add component (AddParameter): Name = "LatestRevisionDate"; Value = "29-May-2009"; VariantName = "[No Variations]"
Add component (AddParameter): Name = "LatestRevisionNote"; Value = "IPC-7351 Footprint Added."; VariantName = "[No Variations]"
Add component (AddParameter): Name = "PackageDescription"; Value = "Chip Inductor"; VariantName = "[No Variations]"
Add component (AddParameter): Name = "PackageReference"; Value = "0402-A"; VariantName = "[No Variations]"
Add component (AddParameter): Name = "Published"; Value = "8-Jun-2000"; VariantName = "[No Variations]"
Add component (AddParameter): Name = "Publisher"; Value = "Altium Limited"; VariantName = "[No Variations]"
Add component (AddParameter): Name = "Value"; Value = "4.7uH"; VariantName = "[No Variations]"
Added Component: Designator=P1(HDR1X25)
Add component (AddParameter): Name = "LatestRevisionDate"; Value = "17-Jul-2002"; VariantName = "[No Variations]"
Add component (AddParameter): Name = "LatestRevisionNote"; Value = "Re-released for DXP Platform."; VariantName = "[No Variations]"
Add component (AddParameter): Name = "Publisher"; Value = "Altium Limited"; VariantName = "[No Variations]"
Added Component: Designator=P2(HDR1X25)
Add component (AddParameter): Name = "LatestRevisionDate"; Value = "17-Jul-2002"; VariantName = "[No Variations]"
Add component (AddParameter): Name = "LatestRevisionNote"; Value = "Re-released for DXP Platform."; VariantName = "[No Variations]"
Add component (AddParameter): Name = "Publisher"; Value = "Altium Limited"; VariantName = "[No Variations]"
Added Component: Designator=P3(HDR1X25)
Add component (AddParameter): Name = "LatestRevisionDate"; Value = "17-Jul-2002"; VariantName = "[No Variations]"
Add component (AddParameter): Name = "LatestRevisionNote"; Value = "Re-released for DXP Platform."; VariantName = "[No Variations]"
Add component (AddParameter): Name = "Publisher"; Value = "Altium Limited"; VariantName = "[No Variations]"
Added Component: Designator=P4(HDR1X25)
Add component (AddParameter): Name = "LatestRevisionDate"; Value = "17-Jul-2002"; VariantName = "[No Variations]"
Add component (AddParameter): Name = "LatestRevisionNote"; Value = "Re-released for DXP Platform."; VariantName = "[No Variations]"
Add component (AddParameter): Name = "Publisher"; Value = "Altium Limited"; VariantName = "[No Variations]"
Added Component: Designator=P5(HDR1X4)
Add component (AddParameter): Name = "LatestRevisionDate"; Value = "17-Jul-2002"; VariantName = "[No Variations]"
Add component (AddParameter): Name = "LatestRevisionNote"; Value = "Re-released for DXP Platform."; VariantName = "[No Variations]"
Add component (AddParameter): Name = "Publisher"; Value = "Altium Limited"; VariantName = "[No Variations]"
Added Component: Designator=P6(HDR1X4)
Add component (AddParameter): Name = "LatestRevisionDate"; Value = "17-Jul-2002"; VariantName = "[No Variations]"
Add component (AddParameter): Name = "LatestRevisionNote"; Value = "Re-released for DXP Platform."; VariantName = "[No Variations]"
Add component (AddParameter): Name = "Publisher"; Value = "Altium Limited"; VariantName = "[No Variations]"
Added Component: Designator=P7(HDR1X4)
Add component (AddParameter): Name = "LatestRevisionDate"; Value = "17-Jul-2002"; VariantName = "[No Variations]"
Add component (AddParameter): Name = "LatestRevisionNote"; Value = "Re-released for DXP Platform."; VariantName = "[No Variations]"
Add component (AddParameter): Name = "Publisher"; Value = "Altium Limited"; VariantName = "[No Variations]"
Added Component: Designator=P8(HDR1X4)
Add component (AddParameter): Name = "LatestRevisionDate"; Value = "17-Jul-2002"; VariantName = "[No Variations]"
Add component (AddParameter): Name = "LatestRevisionNote"; Value = "Re-released for DXP Platform."; VariantName = "[No Variations]"
Add component (AddParameter): Name = "Publisher"; Value = "Altium Limited"; VariantName = "[No Variations]"
Added Component: Designator=P9(HDR1X3)
Add component (AddParameter): Name = "LatestRevisionDate"; Value = "17-Jul-2002"; VariantName = "[No Variations]"
Add component (AddParameter): Name = "LatestRevisionNote"; Value = "Re-released for DXP Platform."; VariantName = "[No Variations]"
Add component (AddParameter): Name = "Publisher"; Value = "Altium Limited"; VariantName = "[No Variations]"
Added Component: Designator=P10(HDR1X3)
Add component (AddParameter): Name = "LatestRevisionDate"; Value = "17-Jul-2002"; VariantName = "[No Variations]"
Add component (AddParameter): Name = "LatestRevisionNote"; Value = "Re-released for DXP Platform."; VariantName = "[No Variations]"
Add component (AddParameter): Name = "Publisher"; Value = "Altium Limited"; VariantName = "[No Variations]"
Added Component: Designator=P11(HDR1X4)
Add component (AddParameter): Name = "LatestRevisionDate"; Value = "17-Jul-2002"; VariantName = "[No Variations]"
Add component (AddParameter): Name = "LatestRevisionNote"; Value = "Re-released for DXP Platform."; VariantName = "[No Variations]"
Add component (AddParameter): Name = "Publisher"; Value = "Altium Limited"; VariantName = "[No Variations]"
Added Component: Designator=P12(HDR1X3)
Add component (AddParameter): Name = "LatestRevisionDate"; Value = "17-Jul-2002"; VariantName = "[No Variations]"
Add component (AddParameter): Name = "LatestRevisionNote"; Value = "Re-released for DXP Platform."; VariantName = "[No Variations]"
Add component (AddParameter): Name = "Publisher"; Value = "Altium Limited"; VariantName = "[No Variations]"
Added Component: Designator=P13(HDR1X3)
Add component (AddParameter): Name = "LatestRevisionDate"; Value = "17-Jul-2002"; VariantName = "[No Variations]"
Add component (AddParameter): Name = "LatestRevisionNote"; Value = "Re-released for DXP Platform."; VariantName = "[No Variations]"
Add component (AddParameter): Name = "Publisher"; Value = "Altium Limited"; VariantName = "[No Variations]"
Added Component: Designator=P14(HDR1X4)
Add component (AddParameter): Name = "LatestRevisionDate"; Value = "17-Jul-2002"; VariantName = "[No Variations]"
Add component (AddParameter): Name = "LatestRevisionNote"; Value = "Re-released for DXP Platform."; VariantName = "[No Variations]"
Add component (AddParameter): Name = "Publisher"; Value = "Altium Limited"; VariantName = "[No Variations]"
Added Component: Designator=U2(SQA16A)
Add component (AddParameter): Name = "Copyright"; Value = "Copyright (C) 2018 Accelerated Designs. All rights reserved"; VariantName = "[No Variations]"
Add component (AddParameter): Name = "RefDes"; Value = "RefDes"; VariantName = "[No Variations]"
Add component (AddParameter): Name = "Type"; Value = "DEV"; VariantName = "[No Variations]"
Added Component: Designator=U3(D0008A_N)
Add component (AddParameter): Name = "Copyright"; Value = "Copyright (C) 2018 Accelerated Designs. All rights reserved"; VariantName = "[No Variations]"
Add component (AddParameter): Name = "Manufacturer"; Value = "Texas Instruments"; VariantName = "[No Variations]"
Add component (AddParameter): Name = "PartNumber"; Value = "OPA862IDR"; VariantName = "[No Variations]"
Add component (AddParameter): Name = "RefDes"; Value = "RefDes"; VariantName = "[No Variations]"
Add component (AddParameter): Name = "Type"; Value = "DEV"; VariantName = "[No Variations]"
Add component (AddParameter): Name = "Value"; Value = "Value"; VariantName = "[No Variations]"
Added Pin To Net: NetName=+5 Pin=P6-2
Added Pin To Net: NetName=+5 Pin=U2-3
Added Net: Name=+5
Added Pin To Net: NetName=AVCC1 Pin=C1-1
Added Pin To Net: NetName=AVCC1 Pin=C2-1
Added Pin To Net: NetName=AVCC1 Pin=C3-1
Added Pin To Net: NetName=AVCC1 Pin=C4-1
Added Pin To Net: NetName=AVCC1 Pin=C5-1
Added Pin To Net: NetName=AVCC1 Pin=C7-1
Added Pin To Net: NetName=AVCC1 Pin=C8-1
Added Pin To Net: NetName=AVCC1 Pin=C9-1
Added Pin To Net: NetName=AVCC1 Pin=P1-13
Added Pin To Net: NetName=AVCC1 Pin=P2-20
Added Pin To Net: NetName=AVCC1 Pin=P3-23
Added Pin To Net: NetName=AVCC1 Pin=P4-12
Added Net: Name=AVCC1
Added Pin To Net: NetName=AVSS1 Pin=*-3
Added Pin To Net: NetName=AVSS1 Pin=*1-3
Added Pin To Net: NetName=AVSS1 Pin=C1-2
Added Pin To Net: NetName=AVSS1 Pin=C2-2
Added Pin To Net: NetName=AVSS1 Pin=C3-2
Added Pin To Net: NetName=AVSS1 Pin=C4-2
Added Pin To Net: NetName=AVSS1 Pin=C5-2
Added Pin To Net: NetName=AVSS1 Pin=C6-2
Added Pin To Net: NetName=AVSS1 Pin=C7-2
Added Pin To Net: NetName=AVSS1 Pin=C8-2
Added Pin To Net: NetName=AVSS1 Pin=C9-2
Added Pin To Net: NetName=AVSS1 Pin=P1-15
Added Pin To Net: NetName=AVSS1 Pin=P2-15
Added Pin To Net: NetName=AVSS1 Pin=P2-18
Added Pin To Net: NetName=AVSS1 Pin=P3-22
Added Pin To Net: NetName=AVSS1 Pin=P4-7
Added Pin To Net: NetName=AVSS1 Pin=P4-9
Added Pin To Net: NetName=AVSS1 Pin=P5-1
Added Pin To Net: NetName=AVSS1 Pin=P5-4
Added Pin To Net: NetName=AVSS1 Pin=P9-3
Added Pin To Net: NetName=AVSS1 Pin=P12-3
Added Pin To Net: NetName=AVSS1 Pin=U2-5
Added Pin To Net: NetName=AVSS1 Pin=U2-8
Added Pin To Net: NetName=AVSS1 Pin=U2-17
Added Net: Name=AVSS1
Added Pin To Net: NetName=D1 Pin=*-1
Added Pin To Net: NetName=D1 Pin=P9-1
Added Net: Name=D1
Added Pin To Net: NetName=D2 Pin=*1-1
Added Pin To Net: NetName=D2 Pin=P12-1
Added Net: Name=D2
Added Pin To Net: NetName=DCOR Pin=P2-19
Added Net: Name=DCOR
Added Pin To Net: NetName=GAIN0 Pin=P6-4
Added Pin To Net: NetName=GAIN0 Pin=U2-1
Added Net: Name=GAIN0
Added Pin To Net: NetName=GAIN1 Pin=P8-1
Added Pin To Net: NetName=GAIN1 Pin=U2-12
Added Net: Name=GAIN1
Added Pin To Net: NetName=GAIN2 Pin=P8-2
Added Pin To Net: NetName=GAIN2 Pin=U2-11
Added Net: Name=GAIN2
Added Pin To Net: NetName=GAIN3 Pin=P8-3
Added Pin To Net: NetName=GAIN3 Pin=U2-10
Added Net: Name=GAIN3
Added Pin To Net: NetName=GAIN4 Pin=P8-4
Added Pin To Net: NetName=GAIN4 Pin=U2-9
Added Net: Name=GAIN4
Added Pin To Net: NetName=IN+ Pin=P5-2
Added Pin To Net: NetName=IN+ Pin=U2-6
Added Net: Name=IN+
Added Pin To Net: NetName=IN- Pin=P5-3
Added Pin To Net: NetName=IN- Pin=U2-7
Added Net: Name=IN-
Added Pin To Net: NetName=LATCH Pin=P6-3
Added Pin To Net: NetName=LATCH Pin=U2-2
Added Net: Name=LATCH
Added Pin To Net: NetName=LOAD+ Pin=P7-4
Added Pin To Net: NetName=LOAD+ Pin=U2-13
Added Net: Name=LOAD+
Added Pin To Net: NetName=LOAD- Pin=P7-1
Added Pin To Net: NetName=LOAD- Pin=U2-16
Added Net: Name=LOAD-
Added Pin To Net: NetName=NC Pin=P6-1
Added Pin To Net: NetName=NC Pin=U2-4
Added Net: Name=NC
Added Pin To Net: NetName=OUT+ Pin=P7-3
Added Pin To Net: NetName=OUT+ Pin=U2-14
Added Net: Name=OUT+
Added Pin To Net: NetName=OUT- Pin=P7-2
Added Pin To Net: NetName=OUT- Pin=U2-15
Added Net: Name=OUT-
Added Pin To Net: NetName=P1.0 Pin=P1-4
Added Net: Name=P1.0
Added Pin To Net: NetName=P1.1 Pin=P1-5
Added Net: Name=P1.1
Added Pin To Net: NetName=P1.2 Pin=P1-6
Added Net: Name=P1.2
Added Pin To Net: NetName=P1.3 Pin=P1-7
Added Net: Name=P1.3
Added Pin To Net: NetName=P1.4 Pin=P1-8
Added Net: Name=P1.4
Added Pin To Net: NetName=P1.5 Pin=P1-9
Added Net: Name=P1.5
Added Pin To Net: NetName=P1.6 Pin=P1-10
Added Net: Name=P1.6
Added Pin To Net: NetName=P1.7 Pin=P1-11
Added Net: Name=P1.7
Added Pin To Net: NetName=P2.0 Pin=P1-16
Added Net: Name=P2.0
Added Pin To Net: NetName=P2.1 Pin=P1-17
Added Net: Name=P2.1
Added Pin To Net: NetName=P2.2 Pin=P1-18
Added Net: Name=P2.2
Added Pin To Net: NetName=P2.3 Pin=P1-19
Added Net: Name=P2.3
Added Pin To Net: NetName=P2.4 Pin=P1-20
Added Net: Name=P2.4
Added Pin To Net: NetName=P2.5 Pin=P1-21
Added Net: Name=P2.5
Added Pin To Net: NetName=P2.6 Pin=P1-22
Added Net: Name=P2.6
Added Pin To Net: NetName=P2.7 Pin=P1-23
Added Net: Name=P2.7
Added Pin To Net: NetName=P3.0 Pin=P2-7
Added Net: Name=P3.0
Added Pin To Net: NetName=P3.1 Pin=P2-8
Added Net: Name=P3.1
Added Pin To Net: NetName=P3.2 Pin=P2-9
Added Net: Name=P3.2
Added Pin To Net: NetName=P3.3 Pin=P2-10
Added Net: Name=P3.3
Added Pin To Net: NetName=P3.4 Pin=P2-11
Added Net: Name=P3.4
Added Pin To Net: NetName=P3.5 Pin=P2-12
Added Net: Name=P3.5
Added Pin To Net: NetName=P3.6 Pin=P2-13
Added Net: Name=P3.6
Added Pin To Net: NetName=P3.7 Pin=P2-14
Added Net: Name=P3.7
Added Pin To Net: NetName=P4.0 Pin=P3-6
Added Net: Name=P4.0
Added Pin To Net: NetName=P4.1 Pin=P3-7
Added Net: Name=P4.1
Added Pin To Net: NetName=P4.2 Pin=P3-8
Added Net: Name=P4.2
Added Pin To Net: NetName=P4.3 Pin=P3-9
Added Net: Name=P4.3
Added Pin To Net: NetName=P4.4 Pin=P3-10
Added Net: Name=P4.4
Added Pin To Net: NetName=P4.5 Pin=P3-11
Added Net: Name=P4.5
Added Pin To Net: NetName=P4.6 Pin=P3-12
Added Net: Name=P4.6
Added Pin To Net: NetName=P4.7 Pin=P3-13
Added Net: Name=P4.7
Added Pin To Net: NetName=P5.0 Pin=P3-14
Added Net: Name=P5.0
Added Pin To Net: NetName=P5.1 Pin=P3-15
Added Net: Name=P5.1
Added Pin To Net: NetName=P5.2 Pin=P3-16
Added Net: Name=P5.2
Added Pin To Net: NetName=P5.3 Pin=P3-17
Added Net: Name=P5.3
Added Pin To Net: NetName=P5.4 Pin=P3-18
Added Net: Name=P5.4
Added Pin To Net: NetName=P5.5 Pin=P3-19
Added Net: Name=P5.5
Added Pin To Net: NetName=P5.6 Pin=P3-20
Added Net: Name=P5.6
Added Pin To Net: NetName=P5.7 Pin=P3-21
Added Net: Name=P5.7
Added Pin To Net: NetName=P6.0 Pin=P3-4
Added Net: Name=P6.0
Added Pin To Net: NetName=P6.1 Pin=P3-5
Added Net: Name=P6.1
Added Pin To Net: NetName=P6.2 Pin=P4-1
Added Net: Name=P6.2
Added Pin To Net: NetName=P6.3 Pin=P4-2
Added Net: Name=P6.3
Added Pin To Net: NetName=P6.4 Pin=P4-3
Added Net: Name=P6.4
Added Pin To Net: NetName=P6.5 Pin=P4-4
Added Net: Name=P6.5
Added Pin To Net: NetName=P6.6 Pin=P4-5
Added Net: Name=P6.6
Added Pin To Net: NetName=P6.7 Pin=P4-6
Added Net: Name=P6.7
Added Pin To Net: NetName=P7.0 Pin=P4-13
Added Net: Name=P7.0
Added Pin To Net: NetName=P7.1 Pin=P4-14
Added Net: Name=P7.1
Added Pin To Net: NetName=P7.2 Pin=P4-15
Added Net: Name=P7.2
Added Pin To Net: NetName=P7.3 Pin=P4-16
Added Net: Name=P7.3
Added Pin To Net: NetName=P7.4 Pin=P2-1
Added Net: Name=P7.4
Added Pin To Net: NetName=P7.5 Pin=P2-2
Added Net: Name=P7.5
Added Pin To Net: NetName=P7.6 Pin=P2-3
Added Net: Name=P7.6
Added Pin To Net: NetName=P7.7 Pin=P2-4
Added Net: Name=P7.7
Added Pin To Net: NetName=P8.0 Pin=P2-5
Added Net: Name=P8.0
Added Pin To Net: NetName=P8.1 Pin=P2-6
Added Net: Name=P8.1
Added Pin To Net: NetName=P8.2 Pin=P2-21
Added Net: Name=P8.2
Added Pin To Net: NetName=P8.3 Pin=P2-22
Added Net: Name=P8.3
Added Pin To Net: NetName=P8.4 Pin=P2-23
Added Net: Name=P8.4
Added Pin To Net: NetName=P8.5 Pin=P2-24
Added Net: Name=P8.5
Added Pin To Net: NetName=P8.6 Pin=P2-25
Added Net: Name=P8.6
Added Pin To Net: NetName=P8.7 Pin=P3-1
Added Net: Name=P8.7
Added Pin To Net: NetName=P9.0 Pin=P3-2
Added Net: Name=P9.0
Added Pin To Net: NetName=P9.1 Pin=P3-3
Added Net: Name=P9.1
Added Pin To Net: NetName=P9.2 Pin=P3-24
Added Net: Name=P9.2
Added Pin To Net: NetName=P9.3 Pin=P3-25
Added Net: Name=P9.3
Added Pin To Net: NetName=P9.4 Pin=P4-21
Added Net: Name=P9.4
Added Pin To Net: NetName=P9.5 Pin=P4-22
Added Net: Name=P9.5
Added Pin To Net: NetName=P9.6 Pin=P4-23
Added Net: Name=P9.6
Added Pin To Net: NetName=P9.7 Pin=P4-24
Added Net: Name=P9.7
Added Pin To Net: NetName=P10.0 Pin=P4-25
Added Net: Name=P10.0
Added Pin To Net: NetName=P10.1 Pin=P1-1
Added Net: Name=P10.1
Added Pin To Net: NetName=P10.2 Pin=P1-2
Added Net: Name=P10.2
Added Pin To Net: NetName=P10.3 Pin=P1-3
Added Net: Name=P10.3
Added Pin To Net: NetName=P10.4 Pin=P1-24
Added Net: Name=P10.4
Added Pin To Net: NetName=P10.5 Pin=P1-25
Added Net: Name=P10.5
Added Pin To Net: NetName=PD Pin=P14-2
Added Pin To Net: NetName=PD Pin=U3-7
Added Net: Name=PD
Added Pin To Net: NetName=PJ.0 Pin=P2-16
Added Net: Name=PJ.0
Added Pin To Net: NetName=PJ.1 Pin=P2-17
Added Net: Name=PJ.1
Added Pin To Net: NetName=PJ.2 Pin=P4-10
Added Net: Name=PJ.2
Added Pin To Net: NetName=PJ.3 Pin=P4-11
Added Net: Name=PJ.3
Added Pin To Net: NetName=PJ.4 Pin=P4-17
Added Net: Name=PJ.4
Added Pin To Net: NetName=PJ.5 Pin=P4-18
Added Net: Name=PJ.5
Added Pin To Net: NetName=RST_NMI_N Pin=P4-8
Added Net: Name=RST_NMI_N
Added Pin To Net: NetName=S1 Pin=*-2
Added Pin To Net: NetName=S1 Pin=P9-2
Added Net: Name=S1
Added Pin To Net: NetName=S2 Pin=*1-2
Added Pin To Net: NetName=S2 Pin=P12-2
Added Net: Name=S2
Added Pin To Net: NetName=SEL1 Pin=*-4
Added Pin To Net: NetName=SEL1 Pin=P10-1
Added Net: Name=SEL1
Added Pin To Net: NetName=SEL2 Pin=*1-4
Added Pin To Net: NetName=SEL2 Pin=P13-1
Added Net: Name=SEL2
Added Pin To Net: NetName=SWCLKTCK Pin=P4-20
Added Net: Name=SWCLKTCK
Added Pin To Net: NetName=SWDIOTMS Pin=P4-19
Added Net: Name=SWDIOTMS
Added Pin To Net: NetName=VCORE Pin=C6-1
Added Pin To Net: NetName=VCORE Pin=L1-1
Added Pin To Net: NetName=VCORE Pin=P1-12
Added Net: Name=VCORE
Added Pin To Net: NetName=VDD1 Pin=*-5
Added Pin To Net: NetName=VDD1 Pin=P10-2
Added Net: Name=VDD1
Added Pin To Net: NetName=VDD2 Pin=*1-5
Added Pin To Net: NetName=VDD2 Pin=P13-2
Added Net: Name=VDD2
Added Pin To Net: NetName=VFB Pin=P11-1
Added Pin To Net: NetName=VFB Pin=U3-1
Added Net: Name=VFB
Added Pin To Net: NetName=VIN Pin=P14-1
Added Pin To Net: NetName=VIN Pin=U3-8
Added Net: Name=VIN
Added Pin To Net: NetName=Vmin Pin=P14-3
Added Pin To Net: NetName=Vmin Pin=U3-6
Added Net: Name=Vmin
Added Pin To Net: NetName=Vout+ Pin=P11-4
Added Pin To Net: NetName=Vout+ Pin=U3-4
Added Net: Name=Vout+
Added Pin To Net: NetName=Vout- Pin=P14-4
Added Pin To Net: NetName=Vout- Pin=U3-5
Added Net: Name=Vout-
Added Pin To Net: NetName=Vpos Pin=P11-3
Added Pin To Net: NetName=Vpos Pin=U3-3
Added Net: Name=Vpos
Added Pin To Net: NetName=VREF Pin=P11-2
Added Pin To Net: NetName=VREF Pin=U3-2
Added Net: Name=VREF
Added Pin To Net: NetName=VSW Pin=L1-2
Added Pin To Net: NetName=VSW Pin=P1-14
Added Net: Name=VSW
Added Class: Name=FrontEndEval
Added Class: Name=MSP432
Added Room: Name=FrontEndEval
