Removed Pin From Net: NetName=LCD_SCK Pin=P1-1
Removed Pin From Net: NetName=LCD_SDI Pin=P1-2
Removed Pin From Net: NetName=LCD_SDO Pin=P1-3
Removed Pin From Net: NetName=P1.0 Pin=P1-4
Removed Pin From Net: NetName=P1.1 Pin=P1-5
Removed Pin From Net: NetName=P1.2 Pin=P1-6
Removed Pin From Net: NetName=P1.3 Pin=P1-7
Removed Pin From Net: NetName=P1.4 Pin=P1-8
Removed Pin From Net: NetName=P1.5 Pin=P1-9
Removed Pin From Net: NetName=P1.6 Pin=P1-10
Removed Pin From Net: NetName=P1.7 Pin=P1-11
Removed Pin From Net: NetName=VCORE Pin=P1-12
Removed Pin From Net: NetName=AVCC1 Pin=P1-13
Removed Pin From Net: NetName=VSW Pin=P1-14
Removed Pin From Net: NetName=AVSS1 Pin=P1-15
Removed Pin From Net: NetName=P2.0 Pin=P1-16
Removed Pin From Net: NetName=P2.1 Pin=P1-17
Removed Pin From Net: NetName=P2.2 Pin=P1-18
Removed Pin From Net: NetName=P2.3 Pin=P1-19
Removed Pin From Net: NetName=P2.4 Pin=P1-20
Removed Pin From Net: NetName=P2.5 Pin=P1-21
Removed Pin From Net: NetName=P2.6 Pin=P1-22
Removed Pin From Net: NetName=P2.7 Pin=P1-23
Removed Pin From Net: NetName=LCD_CS Pin=P1-24
Removed Pin From Net: NetName=P10.5 Pin=P1-25
Removed Pin From Net: NetName=P7.4 Pin=P2-1
Removed Pin From Net: NetName=P7.5 Pin=P2-2
Removed Pin From Net: NetName=P7.6 Pin=P2-3
Removed Pin From Net: NetName=P7.7 Pin=P2-4
Removed Pin From Net: NetName=P8.0 Pin=P2-5
Removed Pin From Net: NetName=P8.1 Pin=P2-6
Removed Pin From Net: NetName=P3.0 Pin=P2-7
Removed Pin From Net: NetName=P3.1 Pin=P2-8
Removed Pin From Net: NetName=P3.2 Pin=P2-9
Removed Pin From Net: NetName=P3.3 Pin=P2-10
Removed Pin From Net: NetName=P3.4 Pin=P2-11
Removed Pin From Net: NetName=P3.5 Pin=P2-12
Removed Pin From Net: NetName=P3.6 Pin=P2-13
Removed Pin From Net: NetName=P3.7 Pin=P2-14
Removed Pin From Net: NetName=PJ.0 Pin=P2-16
Removed Pin From Net: NetName=PJ.1 Pin=P2-17
Removed Pin From Net: NetName=AVSS1 Pin=P2-18
Removed Pin From Net: NetName=DCOR Pin=P2-19
Removed Pin From Net: NetName=AVCC1 Pin=P2-20
Removed Pin From Net: NetName=P8.2 Pin=P2-21
Removed Pin From Net: NetName=P8.3 Pin=P2-22
Removed Pin From Net: NetName=P8.4 Pin=P2-23
Removed Pin From Net: NetName=P8.5 Pin=P2-24
Removed Pin From Net: NetName=P8.6 Pin=P2-25
Removed Pin From Net: NetName=P8.7 Pin=P3-1
Removed Pin From Net: NetName=P9.0 Pin=P3-2
Removed Pin From Net: NetName=P9.1 Pin=P3-3
Removed Pin From Net: NetName=P6.0 Pin=P3-4
Removed Pin From Net: NetName=P6.1 Pin=P3-5
Removed Pin From Net: NetName=P4.0 Pin=P3-6
Removed Pin From Net: NetName=P4.1 Pin=P3-7
Removed Pin From Net: NetName=P4.2 Pin=P3-8
Removed Pin From Net: NetName=P4.3 Pin=P3-9
Removed Pin From Net: NetName=P4.4 Pin=P3-10
Removed Pin From Net: NetName=P4.5 Pin=P3-11
Removed Pin From Net: NetName=P4.6 Pin=P3-12
Removed Pin From Net: NetName=P4.7 Pin=P3-13
Removed Pin From Net: NetName=P5.0 Pin=P3-14
Removed Pin From Net: NetName=P5.1 Pin=P3-15
Removed Pin From Net: NetName=P5.2 Pin=P3-16
Removed Pin From Net: NetName=P5.3 Pin=P3-17
Removed Pin From Net: NetName=P5.4 Pin=P3-18
Removed Pin From Net: NetName=P5.5 Pin=P3-19
Removed Pin From Net: NetName=ADC_Vref- Pin=P3-20
Removed Pin From Net: NetName=ADC_Vref+ Pin=P3-21
Removed Pin From Net: NetName=AVSS1 Pin=P3-22
Removed Pin From Net: NetName=AVCC1 Pin=P3-23
Removed Pin From Net: NetName=P9.2 Pin=P3-24
Removed Pin From Net: NetName=P9.3 Pin=P3-25
Removed Pin From Net: NetName=P6.2 Pin=P4-1
Removed Pin From Net: NetName=P6.3 Pin=P4-2
Removed Pin From Net: NetName=P6.4 Pin=P4-3
Removed Pin From Net: NetName=P6.5 Pin=P4-4
Removed Pin From Net: NetName=P6.6 Pin=P4-5
Removed Pin From Net: NetName=P6.7 Pin=P4-6
Removed Pin From Net: NetName=AVSS1 Pin=P4-7
Removed Pin From Net: NetName=RST_NMI_N Pin=P4-8
Removed Pin From Net: NetName=AVSS1 Pin=P4-9
Removed Pin From Net: NetName=PJ.2 Pin=P4-10
Removed Pin From Net: NetName=PJ.3 Pin=P4-11
Removed Pin From Net: NetName=AVCC1 Pin=P4-12
Removed Pin From Net: NetName=P7.0 Pin=P4-13
Removed Pin From Net: NetName=P7.1 Pin=P4-14
Removed Pin From Net: NetName=P7.2 Pin=P4-15
Removed Pin From Net: NetName=P7.3 Pin=P4-16
Removed Pin From Net: NetName=PJ.4 Pin=P4-17
Removed Pin From Net: NetName=PJ.5 Pin=P4-18
Removed Pin From Net: NetName=SWDIOTMS Pin=P4-19
Removed Pin From Net: NetName=SWCLKTCK Pin=P4-20
Removed Pin From Net: NetName=P9.4 Pin=P4-21
Removed Pin From Net: NetName=P9.5 Pin=P4-22
Removed Pin From Net: NetName=P9.6 Pin=P4-23
Removed Pin From Net: NetName=P9.7 Pin=P4-24
Removed Pin From Net: NetName=LCD_RST Pin=P4-25
Removed Pin From Net: NetName=VertZoomUp Pin=P15-6
Removed Pin From Net: NetName=VertZoomDn Pin=P15-8
Removed Pin From Net: NetName=HorzZoomUp Pin=P15-10
Removed Pin From Net: NetName=OffsetLevel Pin=P15-20
Change Component Footprint: Designator=P1 Old Footprint=HDR1X25 New Footprint=HDR2X13
Change Component Footprint: Designator=P2 Old Footprint=HDR1X25 New Footprint=HDR2X13
Change Component Footprint: Designator=P3 Old Footprint=HDR1X25 New Footprint=HDR2X13
Change Component Footprint: Designator=P4 Old Footprint=HDR1X25 New Footprint=HDR2X13
Change Component Comment : Designator=P1 Old Comment=Header 25 New Comment=Header 13X2
Change Component Comment : Designator=P2 Old Comment=Header 25 New Comment=Header 13X2
Change Component Comment : Designator=P3 Old Comment=Header 25 New Comment=Header 13X2
Change Component Comment : Designator=P4 Old Comment=Header 25 New Comment=Header 13X2
Added Component: Designator=*(LCD Footprint)
Added Component: Designator=C10(RAD-0.3)
Add component (AddParameter): Name = "LatestRevisionDate"; Value = "17-Jul-2002"; VariantName = "[No Variations]"
Add component (AddParameter): Name = "LatestRevisionNote"; Value = "Re-released for DXP Platform."; VariantName = "[No Variations]"
Add component (AddParameter): Name = "PackageDescription"; Value = "Radial Cap, Thru-Hole; 2 Leads; 0.3 in Pin Spacing"; VariantName = "[No Variations]"
Add component (AddParameter): Name = "PackageReference"; Value = "RAD-0.3"; VariantName = "[No Variations]"
Add component (AddParameter): Name = "Published"; Value = "8-Jun-2000"; VariantName = "[No Variations]"
Add component (AddParameter): Name = "Publisher"; Value = "Altium Limited"; VariantName = "[No Variations]"
Add component (AddParameter): Name = "Value"; Value = "100pF"; VariantName = "[No Variations]"
Added Component: Designator=P5(HDR1X4)
Add component (AddParameter): Name = "LatestRevisionDate"; Value = "17-Jul-2002"; VariantName = "[No Variations]"
Add component (AddParameter): Name = "LatestRevisionNote"; Value = "Re-released for DXP Platform."; VariantName = "[No Variations]"
Add component (AddParameter): Name = "Publisher"; Value = "Altium Limited"; VariantName = "[No Variations]"
Added Component: Designator=P6(HDR1X4)
Add component (AddParameter): Name = "LatestRevisionDate"; Value = "17-Jul-2002"; VariantName = "[No Variations]"
Add component (AddParameter): Name = "LatestRevisionNote"; Value = "Re-released for DXP Platform."; VariantName = "[No Variations]"
Add component (AddParameter): Name = "Publisher"; Value = "Altium Limited"; VariantName = "[No Variations]"
Added Component: Designator=P7(HDR1X4)
Add component (AddParameter): Name = "LatestRevisionDate"; Value = "17-Jul-2002"; VariantName = "[No Variations]"
Add component (AddParameter): Name = "LatestRevisionNote"; Value = "Re-released for DXP Platform."; VariantName = "[No Variations]"
Add component (AddParameter): Name = "Publisher"; Value = "Altium Limited"; VariantName = "[No Variations]"
Added Component: Designator=P8(HDR1X4)
Add component (AddParameter): Name = "LatestRevisionDate"; Value = "17-Jul-2002"; VariantName = "[No Variations]"
Add component (AddParameter): Name = "LatestRevisionNote"; Value = "Re-released for DXP Platform."; VariantName = "[No Variations]"
Add component (AddParameter): Name = "Publisher"; Value = "Altium Limited"; VariantName = "[No Variations]"
Added Component: Designator=P9(HDR1X3)
Add component (AddParameter): Name = "LatestRevisionDate"; Value = "17-Jul-2002"; VariantName = "[No Variations]"
Add component (AddParameter): Name = "LatestRevisionNote"; Value = "Re-released for DXP Platform."; VariantName = "[No Variations]"
Add component (AddParameter): Name = "Publisher"; Value = "Altium Limited"; VariantName = "[No Variations]"
Added Component: Designator=P10(HDR1X3)
Add component (AddParameter): Name = "LatestRevisionDate"; Value = "17-Jul-2002"; VariantName = "[No Variations]"
Add component (AddParameter): Name = "LatestRevisionNote"; Value = "Re-released for DXP Platform."; VariantName = "[No Variations]"
Add component (AddParameter): Name = "Publisher"; Value = "Altium Limited"; VariantName = "[No Variations]"
Added Component: Designator=P11(HDR1X4)
Add component (AddParameter): Name = "LatestRevisionDate"; Value = "17-Jul-2002"; VariantName = "[No Variations]"
Add component (AddParameter): Name = "LatestRevisionNote"; Value = "Re-released for DXP Platform."; VariantName = "[No Variations]"
Add component (AddParameter): Name = "Publisher"; Value = "Altium Limited"; VariantName = "[No Variations]"
Added Component: Designator=P12(HDR1X3)
Add component (AddParameter): Name = "LatestRevisionDate"; Value = "17-Jul-2002"; VariantName = "[No Variations]"
Add component (AddParameter): Name = "LatestRevisionNote"; Value = "Re-released for DXP Platform."; VariantName = "[No Variations]"
Add component (AddParameter): Name = "Publisher"; Value = "Altium Limited"; VariantName = "[No Variations]"
Added Component: Designator=P13(HDR1X3)
Add component (AddParameter): Name = "LatestRevisionDate"; Value = "17-Jul-2002"; VariantName = "[No Variations]"
Add component (AddParameter): Name = "LatestRevisionNote"; Value = "Re-released for DXP Platform."; VariantName = "[No Variations]"
Add component (AddParameter): Name = "Publisher"; Value = "Altium Limited"; VariantName = "[No Variations]"
Added Component: Designator=P14(HDR1X4)
Add component (AddParameter): Name = "LatestRevisionDate"; Value = "17-Jul-2002"; VariantName = "[No Variations]"
Add component (AddParameter): Name = "LatestRevisionNote"; Value = "Re-released for DXP Platform."; VariantName = "[No Variations]"
Add component (AddParameter): Name = "Publisher"; Value = "Altium Limited"; VariantName = "[No Variations]"
Added Component: Designator=R8(AXIAL-0.3)
Add component (AddParameter): Name = "LatestRevisionDate"; Value = "17-Jul-2002"; VariantName = "[No Variations]"
Add component (AddParameter): Name = "LatestRevisionNote"; Value = "Re-released for DXP Platform."; VariantName = "[No Variations]"
Add component (AddParameter): Name = "PackageDescription"; Value = "Axial Device, Thru-Hole; 2 Leads; 0.3 in Pin Spacing"; VariantName = "[No Variations]"
Add component (AddParameter): Name = "PackageReference"; Value = "AXIAL-0.3"; VariantName = "[No Variations]"
Add component (AddParameter): Name = "Published"; Value = "8-Jun-2000"; VariantName = "[No Variations]"
Add component (AddParameter): Name = "Publisher"; Value = "Altium Limited"; VariantName = "[No Variations]"
Add component (AddParameter): Name = "Value"; Value = "1K"; VariantName = "[No Variations]"
Added Component: Designator=R9(AXIAL-0.3)
Add component (AddParameter): Name = "LatestRevisionDate"; Value = "17-Jul-2002"; VariantName = "[No Variations]"
Add component (AddParameter): Name = "LatestRevisionNote"; Value = "Re-released for DXP Platform."; VariantName = "[No Variations]"
Add component (AddParameter): Name = "PackageDescription"; Value = "Axial Device, Thru-Hole; 2 Leads; 0.3 in Pin Spacing"; VariantName = "[No Variations]"
Add component (AddParameter): Name = "PackageReference"; Value = "AXIAL-0.3"; VariantName = "[No Variations]"
Add component (AddParameter): Name = "Published"; Value = "8-Jun-2000"; VariantName = "[No Variations]"
Add component (AddParameter): Name = "Publisher"; Value = "Altium Limited"; VariantName = "[No Variations]"
Add component (AddParameter): Name = "Value"; Value = "1K"; VariantName = "[No Variations]"
Added Component: Designator=R10(AXIAL-0.3)
Add component (AddParameter): Name = "LatestRevisionDate"; Value = "17-Jul-2002"; VariantName = "[No Variations]"
Add component (AddParameter): Name = "LatestRevisionNote"; Value = "Re-released for DXP Platform."; VariantName = "[No Variations]"
Add component (AddParameter): Name = "PackageDescription"; Value = "Axial Device, Thru-Hole; 2 Leads; 0.3 in Pin Spacing"; VariantName = "[No Variations]"
Add component (AddParameter): Name = "PackageReference"; Value = "AXIAL-0.3"; VariantName = "[No Variations]"
Add component (AddParameter): Name = "Published"; Value = "8-Jun-2000"; VariantName = "[No Variations]"
Add component (AddParameter): Name = "Publisher"; Value = "Altium Limited"; VariantName = "[No Variations]"
Add component (AddParameter): Name = "Value"; Value = "1K"; VariantName = "[No Variations]"
Added Component: Designator=R11(AXIAL-0.3)
Add component (AddParameter): Name = "LatestRevisionDate"; Value = "17-Jul-2002"; VariantName = "[No Variations]"
Add component (AddParameter): Name = "LatestRevisionNote"; Value = "Re-released for DXP Platform."; VariantName = "[No Variations]"
Add component (AddParameter): Name = "PackageDescription"; Value = "Axial Device, Thru-Hole; 2 Leads; 0.3 in Pin Spacing"; VariantName = "[No Variations]"
Add component (AddParameter): Name = "PackageReference"; Value = "AXIAL-0.3"; VariantName = "[No Variations]"
Add component (AddParameter): Name = "Published"; Value = "8-Jun-2000"; VariantName = "[No Variations]"
Add component (AddParameter): Name = "Publisher"; Value = "Altium Limited"; VariantName = "[No Variations]"
Add component (AddParameter): Name = "Value"; Value = "1K"; VariantName = "[No Variations]"
Added Component: Designator=R12(AXIAL-0.3)
Add component (AddParameter): Name = "LatestRevisionDate"; Value = "17-Jul-2002"; VariantName = "[No Variations]"
Add component (AddParameter): Name = "LatestRevisionNote"; Value = "Re-released for DXP Platform."; VariantName = "[No Variations]"
Add component (AddParameter): Name = "PackageDescription"; Value = "Axial Device, Thru-Hole; 2 Leads; 0.3 in Pin Spacing"; VariantName = "[No Variations]"
Add component (AddParameter): Name = "PackageReference"; Value = "AXIAL-0.3"; VariantName = "[No Variations]"
Add component (AddParameter): Name = "Published"; Value = "8-Jun-2000"; VariantName = "[No Variations]"
Add component (AddParameter): Name = "Publisher"; Value = "Altium Limited"; VariantName = "[No Variations]"
Add component (AddParameter): Name = "Value"; Value = "1K"; VariantName = "[No Variations]"
Added Component: Designator=R13(AXIAL-0.3)
Add component (AddParameter): Name = "LatestRevisionDate"; Value = "17-Jul-2002"; VariantName = "[No Variations]"
Add component (AddParameter): Name = "LatestRevisionNote"; Value = "Re-released for DXP Platform."; VariantName = "[No Variations]"
Add component (AddParameter): Name = "PackageDescription"; Value = "Axial Device, Thru-Hole; 2 Leads; 0.3 in Pin Spacing"; VariantName = "[No Variations]"
Add component (AddParameter): Name = "PackageReference"; Value = "AXIAL-0.3"; VariantName = "[No Variations]"
Add component (AddParameter): Name = "Published"; Value = "8-Jun-2000"; VariantName = "[No Variations]"
Add component (AddParameter): Name = "Publisher"; Value = "Altium Limited"; VariantName = "[No Variations]"
Add component (AddParameter): Name = "Value"; Value = "1K"; VariantName = "[No Variations]"
Added Component: Designator=R14(BigPot)
Add component (AddParameter): Name = "LatestRevisionDate"; Value = "17-Jul-2002"; VariantName = "[No Variations]"
Add component (AddParameter): Name = "LatestRevisionNote"; Value = "Re-released for DXP Platform."; VariantName = "[No Variations]"
Add component (AddParameter): Name = "Published"; Value = "8-Jun-2000"; VariantName = "[No Variations]"
Add component (AddParameter): Name = "Publisher"; Value = "Altium Limited"; VariantName = "[No Variations]"
Add component (AddParameter): Name = "Set Position"; Value = "0.5"; VariantName = "[No Variations]"
Add component (AddParameter): Name = "Sim Note"; Value = "Enter the Resistance value and the set point into parameter fields."; VariantName = "[No Variations]"
Add component (AddParameter): Name = "Value"; Value = "10K"; VariantName = "[No Variations]"
Added Component: Designator=S1(SW PB)
Add component (AddParameter): Name = "LatestRevisionDate"; Value = "17-Jul-2002"; VariantName = "[No Variations]"
Add component (AddParameter): Name = "LatestRevisionNote"; Value = "Re-released for DXP Platform."; VariantName = "[No Variations]"
Add component (AddParameter): Name = "Published"; Value = "24-Mar-1999"; VariantName = "[No Variations]"
Add component (AddParameter): Name = "Publisher"; Value = "Altium Limited"; VariantName = "[No Variations]"
Added Component: Designator=S2(SW PB)
Add component (AddParameter): Name = "LatestRevisionDate"; Value = "17-Jul-2002"; VariantName = "[No Variations]"
Add component (AddParameter): Name = "LatestRevisionNote"; Value = "Re-released for DXP Platform."; VariantName = "[No Variations]"
Add component (AddParameter): Name = "Published"; Value = "24-Mar-1999"; VariantName = "[No Variations]"
Add component (AddParameter): Name = "Publisher"; Value = "Altium Limited"; VariantName = "[No Variations]"
Added Component: Designator=S3(SW PB)
Add component (AddParameter): Name = "LatestRevisionDate"; Value = "17-Jul-2002"; VariantName = "[No Variations]"
Add component (AddParameter): Name = "LatestRevisionNote"; Value = "Re-released for DXP Platform."; VariantName = "[No Variations]"
Add component (AddParameter): Name = "Published"; Value = "24-Mar-1999"; VariantName = "[No Variations]"
Add component (AddParameter): Name = "Publisher"; Value = "Altium Limited"; VariantName = "[No Variations]"
Added Component: Designator=S4(SW PB)
Add component (AddParameter): Name = "LatestRevisionDate"; Value = "17-Jul-2002"; VariantName = "[No Variations]"
Add component (AddParameter): Name = "LatestRevisionNote"; Value = "Re-released for DXP Platform."; VariantName = "[No Variations]"
Add component (AddParameter): Name = "Published"; Value = "24-Mar-1999"; VariantName = "[No Variations]"
Add component (AddParameter): Name = "Publisher"; Value = "Altium Limited"; VariantName = "[No Variations]"
Added Component: Designator=S5(SW PB)
Add component (AddParameter): Name = "LatestRevisionDate"; Value = "17-Jul-2002"; VariantName = "[No Variations]"
Add component (AddParameter): Name = "LatestRevisionNote"; Value = "Re-released for DXP Platform."; VariantName = "[No Variations]"
Add component (AddParameter): Name = "Published"; Value = "24-Mar-1999"; VariantName = "[No Variations]"
Add component (AddParameter): Name = "Publisher"; Value = "Altium Limited"; VariantName = "[No Variations]"
Added Component: Designator=S6(SW PB)
Add component (AddParameter): Name = "LatestRevisionDate"; Value = "17-Jul-2002"; VariantName = "[No Variations]"
Add component (AddParameter): Name = "LatestRevisionNote"; Value = "Re-released for DXP Platform."; VariantName = "[No Variations]"
Add component (AddParameter): Name = "Published"; Value = "24-Mar-1999"; VariantName = "[No Variations]"
Add component (AddParameter): Name = "Publisher"; Value = "Altium Limited"; VariantName = "[No Variations]"
Added Component: Designator=U2(SQA16A)
Add component (AddParameter): Name = "Copyright"; Value = "Copyright (C) 2018 Accelerated Designs. All rights reserved"; VariantName = "[No Variations]"
Add component (AddParameter): Name = "RefDes"; Value = "RefDes"; VariantName = "[No Variations]"
Add component (AddParameter): Name = "Type"; Value = "DEV"; VariantName = "[No Variations]"
Added Component: Designator=U3(D0008A_N)
Add component (AddParameter): Name = "Copyright"; Value = "Copyright (C) 2018 Accelerated Designs. All rights reserved"; VariantName = "[No Variations]"
Add component (AddParameter): Name = "Manufacturer"; Value = "Texas Instruments"; VariantName = "[No Variations]"
Add component (AddParameter): Name = "PartNumber"; Value = "OPA862IDR"; VariantName = "[No Variations]"
Add component (AddParameter): Name = "RefDes"; Value = "RefDes"; VariantName = "[No Variations]"
Add component (AddParameter): Name = "Type"; Value = "DEV"; VariantName = "[No Variations]"
Add component (AddParameter): Name = "Value"; Value = "Value"; VariantName = "[No Variations]"
Added Component: Designator=U4(SOT-23-5_1P6X2P9_THT)
Add component (AddParameter): Name = "Copyright"; Value = "Copyright (C) 2018 Accelerated Designs. All rights reserved"; VariantName = "[No Variations]"
Add component (AddParameter): Name = "Datasheet"; Value = "https://www.ti.com/lit/ds/symlink/tmux1101.pdf?HQS=TI-null-null-digikeymode-df-pf-null-wwe&ts=1603128596910"; VariantName = "[No Variations]"
Add component (AddParameter): Name = "Manufacturer_Part_Number"; Value = "TMUX1102DBVR"; VariantName = "[No Variations]"
Add component (AddParameter): Name = "RefDes"; Value = "RefDes"; VariantName = "[No Variations]"
Add component (AddParameter): Name = "SourceLibrary"; Value = "Add_to_database_2020-10-19"; VariantName = "[No Variations]"
Add component (AddParameter): Name = "Type"; Value = "DEV"; VariantName = "[No Variations]"
Add component (AddParameter): Name = "Vendor"; Value = "Texas Instruments"; VariantName = "[No Variations]"
Added Component: Designator=U5(SOT-23-5_1P6X2P9_THT)
Add component (AddParameter): Name = "Copyright"; Value = "Copyright (C) 2018 Accelerated Designs. All rights reserved"; VariantName = "[No Variations]"
Add component (AddParameter): Name = "Datasheet"; Value = "https://www.ti.com/lit/ds/symlink/tmux1101.pdf?HQS=TI-null-null-digikeymode-df-pf-null-wwe&ts=1603128596910"; VariantName = "[No Variations]"
Add component (AddParameter): Name = "Manufacturer_Part_Number"; Value = "TMUX1102DBVR"; VariantName = "[No Variations]"
Add component (AddParameter): Name = "RefDes"; Value = "RefDes"; VariantName = "[No Variations]"
Add component (AddParameter): Name = "SourceLibrary"; Value = "Add_to_database_2020-10-19"; VariantName = "[No Variations]"
Add component (AddParameter): Name = "Type"; Value = "DEV"; VariantName = "[No Variations]"
Add component (AddParameter): Name = "Vendor"; Value = "Texas Instruments"; VariantName = "[No Variations]"
Added Pin To Net: NetName=AVSS1 Pin=*-2
Added Pin To Net: NetName=AVSS1 Pin=*-3
Added Pin To Net: NetName=AVSS1 Pin=*-4
Added Pin To Net: NetName=AVSS1 Pin=*-5
Added Pin To Net: NetName=AVSS1 Pin=*-6
Added Pin To Net: NetName=AVSS1 Pin=*-7
Added Pin To Net: NetName=AVSS1 Pin=*-8
Added Pin To Net: NetName=AVSS1 Pin=*-9
Added Pin To Net: NetName=AVSS1 Pin=*-10
Added Pin To Net: NetName=LCD_CS Pin=*-11
Added Pin To Net: NetName=LCD_SCK Pin=*-13
Added Pin To Net: NetName=LCD_RS Pin=*-15
Added Pin To Net: NetName=LCD_SD0 Pin=*-16
Added Pin To Net: NetName=LCD_SDI Pin=*-17
Added Pin To Net: NetName=AVSS1 Pin=*-19
Added Pin To Net: NetName=AVCC1 Pin=*-20
Added Pin To Net: NetName=+5 Pin=*-21
Added Pin To Net: NetName=AVSS1 Pin=*-22
Added Pin To Net: NetName=TP_IRQ Pin=*-25
Added Pin To Net: NetName=LCD_SD0 Pin=*-26
Added Pin To Net: NetName=LCD_SDI Pin=*-27
Added Pin To Net: NetName=LCD_SCK Pin=*-28
Added Pin To Net: NetName=TP_CS Pin=*-29
Added Pin To Net: NetName=AVSS1 Pin=*-31
Added Pin To Net: NetName=AVSS1 Pin=*-32
Added Pin To Net: NetName=AVSS1 Pin=*-33
Added Pin To Net: NetName=AVSS1 Pin=*-34
Added Pin To Net: NetName=AVSS1 Pin=*-35
Added Pin To Net: NetName=AVSS1 Pin=*-36
Added Pin To Net: NetName=AVSS1 Pin=*-37
Added Pin To Net: NetName=AVSS1 Pin=*-38
Added Pin To Net: NetName=AVSS1 Pin=*-39
Added Pin To Net: NetName=+5 Pin=C10-1
Added Pin To Net: NetName=AVSS1 Pin=C10-2
Added Pin To Net: NetName=P6.2 Pin=P1-1
Added Pin To Net: NetName=P6.3 Pin=P1-2
Added Pin To Net: NetName=P6.4 Pin=P1-3
Added Pin To Net: NetName=P6.5 Pin=P1-4
Added Pin To Net: NetName=P6.6 Pin=P1-5
Added Pin To Net: NetName=P6.7 Pin=P1-6
Added Pin To Net: NetName=AVSS1 Pin=P1-7
Added Pin To Net: NetName=RST_NMI_N Pin=P1-8
Added Pin To Net: NetName=AVSS1 Pin=P1-9
Added Pin To Net: NetName=PJ.2 Pin=P1-10
Added Pin To Net: NetName=PJ.3 Pin=P1-11
Added Pin To Net: NetName=AVCC1 Pin=P1-12
Added Pin To Net: NetName=P7.0 Pin=P1-13
Added Pin To Net: NetName=P7.1 Pin=P1-14
Added Pin To Net: NetName=P7.2 Pin=P1-15
Added Pin To Net: NetName=P7.3 Pin=P1-16
Added Pin To Net: NetName=PJ.4 Pin=P1-17
Added Pin To Net: NetName=PJ.5 Pin=P1-18
Added Pin To Net: NetName=SWDIOTMS Pin=P1-19
Added Pin To Net: NetName=SWCLKTCK Pin=P1-20
Added Pin To Net: NetName=P9.4 Pin=P1-21
Added Pin To Net: NetName=P9.5 Pin=P1-22
Added Pin To Net: NetName=P9.6 Pin=P1-23
Added Pin To Net: NetName=P9.7 Pin=P1-24
Added Pin To Net: NetName=LCD_RST Pin=P1-25
Added Pin To Net: NetName=LCD_SCK Pin=P2-1
Added Pin To Net: NetName=LCD_SDI Pin=P2-2
Added Pin To Net: NetName=LCD_SDO Pin=P2-3
Added Pin To Net: NetName=P1.0 Pin=P2-4
Added Pin To Net: NetName=P1.1 Pin=P2-5
Added Pin To Net: NetName=P1.2 Pin=P2-6
Added Pin To Net: NetName=P1.3 Pin=P2-7
Added Pin To Net: NetName=P1.4 Pin=P2-8
Added Pin To Net: NetName=P1.5 Pin=P2-9
Added Pin To Net: NetName=P1.6 Pin=P2-10
Added Pin To Net: NetName=P1.7 Pin=P2-11
Added Pin To Net: NetName=VCORE Pin=P2-12
Added Pin To Net: NetName=AVCC1 Pin=P2-13
Added Pin To Net: NetName=VSW Pin=P2-14
Added Pin To Net: NetName=P2.0 Pin=P2-16
Added Pin To Net: NetName=P2.1 Pin=P2-17
Added Pin To Net: NetName=P2.2 Pin=P2-18
Added Pin To Net: NetName=P2.3 Pin=P2-19
Added Pin To Net: NetName=P2.4 Pin=P2-20
Added Pin To Net: NetName=P2.5 Pin=P2-21
Added Pin To Net: NetName=P2.6 Pin=P2-22
Added Pin To Net: NetName=P2.7 Pin=P2-23
Added Pin To Net: NetName=LCD_CS Pin=P2-24
Added Pin To Net: NetName=P10.5 Pin=P2-25
Added Pin To Net: NetName=P7.4 Pin=P3-1
Added Pin To Net: NetName=P7.5 Pin=P3-2
Added Pin To Net: NetName=P7.6 Pin=P3-3
Added Pin To Net: NetName=P7.7 Pin=P3-4
Added Pin To Net: NetName=P8.0 Pin=P3-5
Added Pin To Net: NetName=P8.1 Pin=P3-6
Added Pin To Net: NetName=P3.0 Pin=P3-7
Added Pin To Net: NetName=P3.1 Pin=P3-8
Added Pin To Net: NetName=P3.2 Pin=P3-9
Added Pin To Net: NetName=P3.3 Pin=P3-10
Added Pin To Net: NetName=P3.4 Pin=P3-11
Added Pin To Net: NetName=P3.5 Pin=P3-12
Added Pin To Net: NetName=P3.6 Pin=P3-13
Added Pin To Net: NetName=P3.7 Pin=P3-14
Added Pin To Net: NetName=AVSS1 Pin=P3-15
Added Pin To Net: NetName=PJ.0 Pin=P3-16
Added Pin To Net: NetName=PJ.1 Pin=P3-17
Added Pin To Net: NetName=AVSS1 Pin=P3-18
Added Pin To Net: NetName=DCOR Pin=P3-19
Added Pin To Net: NetName=AVCC1 Pin=P3-20
Added Pin To Net: NetName=P8.2 Pin=P3-21
Added Pin To Net: NetName=P8.3 Pin=P3-22
Added Pin To Net: NetName=P8.4 Pin=P3-23
Added Pin To Net: NetName=P8.5 Pin=P3-24
Added Pin To Net: NetName=P8.6 Pin=P3-25
Added Pin To Net: NetName=P8.7 Pin=P4-1
Added Pin To Net: NetName=P9.0 Pin=P4-2
Added Pin To Net: NetName=P9.1 Pin=P4-3
Added Pin To Net: NetName=P6.0 Pin=P4-4
Added Pin To Net: NetName=P6.1 Pin=P4-5
Added Pin To Net: NetName=P4.0 Pin=P4-6
Added Pin To Net: NetName=P4.1 Pin=P4-7
Added Pin To Net: NetName=P4.2 Pin=P4-8
Added Pin To Net: NetName=P4.3 Pin=P4-9
Added Pin To Net: NetName=P4.4 Pin=P4-10
Added Pin To Net: NetName=P4.5 Pin=P4-11
Added Pin To Net: NetName=P4.6 Pin=P4-12
Added Pin To Net: NetName=P4.7 Pin=P4-13
Added Pin To Net: NetName=P5.0 Pin=P4-14
Added Pin To Net: NetName=P5.1 Pin=P4-15
Added Pin To Net: NetName=P5.2 Pin=P4-16
Added Pin To Net: NetName=P5.3 Pin=P4-17
Added Pin To Net: NetName=P5.4 Pin=P4-18
Added Pin To Net: NetName=P5.5 Pin=P4-19
Added Pin To Net: NetName=ADC_Vref- Pin=P4-20
Added Pin To Net: NetName=ADC_Vref+ Pin=P4-21
Added Pin To Net: NetName=AVSS1 Pin=P4-22
Added Pin To Net: NetName=AVCC1 Pin=P4-23
Added Pin To Net: NetName=P9.2 Pin=P4-24
Added Pin To Net: NetName=P9.3 Pin=P4-25
Added Pin To Net: NetName=AVSS1 Pin=P5-1
Added Pin To Net: NetName=IN+ Pin=P5-2
Added Pin To Net: NetName=IN- Pin=P5-3
Added Pin To Net: NetName=AVSS1 Pin=P5-4
Added Pin To Net: NetName=NC Pin=P6-1
Added Pin To Net: NetName=+5 Pin=P6-2
Added Pin To Net: NetName=LATCH Pin=P6-3
Added Pin To Net: NetName=GAIN0 Pin=P6-4
Added Pin To Net: NetName=LOAD- Pin=P7-1
Added Pin To Net: NetName=OUT- Pin=P7-2
Added Pin To Net: NetName=OUT+ Pin=P7-3
Added Pin To Net: NetName=LOAD+ Pin=P7-4
Added Pin To Net: NetName=GAIN1 Pin=P8-1
Added Pin To Net: NetName=GAIN2 Pin=P8-2
Added Pin To Net: NetName=GAIN3 Pin=P8-3
Added Pin To Net: NetName=GAIN4 Pin=P8-4
Added Pin To Net: NetName=D1 Pin=P9-1
Added Pin To Net: NetName=S1 Pin=P9-2
Added Pin To Net: NetName=AVSS1 Pin=P9-3
Added Pin To Net: NetName=SEL1 Pin=P10-1
Added Pin To Net: NetName=VDD1 Pin=P10-2
Added Pin To Net: NetName=VFB Pin=P11-1
Added Pin To Net: NetName=VREF Pin=P11-2
Added Pin To Net: NetName=Vpos Pin=P11-3
Added Pin To Net: NetName=Vout+ Pin=P11-4
Added Pin To Net: NetName=D2 Pin=P12-1
Added Pin To Net: NetName=S2 Pin=P12-2
Added Pin To Net: NetName=AVSS1 Pin=P12-3
Added Pin To Net: NetName=SEL2 Pin=P13-1
Added Pin To Net: NetName=VDD2 Pin=P13-2
Added Pin To Net: NetName=VIN Pin=P14-1
Added Pin To Net: NetName=PD Pin=P14-2
Added Pin To Net: NetName=Vmin Pin=P14-3
Added Pin To Net: NetName=Vout- Pin=P14-4
Added Pin To Net: NetName=HorzZoomUp Pin=P15-6
Added Pin To Net: NetName=VertZoomUp Pin=P15-8
Added Pin To Net: NetName=VertZoomDn Pin=P15-10
Added Pin To Net: NetName=OffsetLevel Pin=P15-18
Added Pin To Net: NetName=-5 Pin=P15-20
Added Pin To Net: NetName=VertZoomUp Pin=R8-1
Added Pin To Net: NetName=AVSS1 Pin=R8-2
Added Pin To Net: NetName=VertZoomDn Pin=R9-1
Added Pin To Net: NetName=AVSS1 Pin=R9-2
Added Pin To Net: NetName=HorzZoomUp Pin=R10-1
Added Pin To Net: NetName=AVSS1 Pin=R10-2
Added Pin To Net: NetName=HorzZoomDn Pin=R11-1
Added Pin To Net: NetName=AVSS1 Pin=R11-2
Added Pin To Net: NetName=TrigUp Pin=R12-1
Added Pin To Net: NetName=AVSS1 Pin=R12-2
Added Pin To Net: NetName=TrigDn Pin=R13-1
Added Pin To Net: NetName=AVSS1 Pin=R13-2
Added Pin To Net: NetName=-5 Pin=R14-1
Added Pin To Net: NetName=OffsetLevel Pin=R14-2
Added Pin To Net: NetName=+5 Pin=R14-3
Added Pin To Net: NetName=AVCC1 Pin=S1-1
Added Pin To Net: NetName=VertZoomUp Pin=S1-2
Added Pin To Net: NetName=AVCC1 Pin=S2-1
Added Pin To Net: NetName=VertZoomDn Pin=S2-2
Added Pin To Net: NetName=AVCC1 Pin=S3-1
Added Pin To Net: NetName=HorzZoomUp Pin=S3-2
Added Pin To Net: NetName=AVCC1 Pin=S4-1
Added Pin To Net: NetName=HorzZoomDn Pin=S4-2
Added Pin To Net: NetName=AVCC1 Pin=S5-1
Added Pin To Net: NetName=TrigUp Pin=S5-2
Added Pin To Net: NetName=AVCC1 Pin=S6-1
Added Pin To Net: NetName=TrigDn Pin=S6-2
Added Pin To Net: NetName=GAIN0 Pin=U2-1
Added Pin To Net: NetName=LATCH Pin=U2-2
Added Pin To Net: NetName=+5 Pin=U2-3
Added Pin To Net: NetName=NC Pin=U2-4
Added Pin To Net: NetName=AVSS1 Pin=U2-5
Added Pin To Net: NetName=IN+ Pin=U2-6
Added Pin To Net: NetName=IN- Pin=U2-7
Added Pin To Net: NetName=AVSS1 Pin=U2-8
Added Pin To Net: NetName=GAIN4 Pin=U2-9
Added Pin To Net: NetName=GAIN3 Pin=U2-10
Added Pin To Net: NetName=GAIN2 Pin=U2-11
Added Pin To Net: NetName=GAIN1 Pin=U2-12
Added Pin To Net: NetName=LOAD+ Pin=U2-13
Added Pin To Net: NetName=OUT+ Pin=U2-14
Added Pin To Net: NetName=OUT- Pin=U2-15
Added Pin To Net: NetName=LOAD- Pin=U2-16
Added Pin To Net: NetName=AVSS1 Pin=U2-17
Added Pin To Net: NetName=VFB Pin=U3-1
Added Pin To Net: NetName=VREF Pin=U3-2
Added Pin To Net: NetName=Vpos Pin=U3-3
Added Pin To Net: NetName=Vout+ Pin=U3-4
Added Pin To Net: NetName=Vout- Pin=U3-5
Added Pin To Net: NetName=Vmin Pin=U3-6
Added Pin To Net: NetName=PD Pin=U3-7
Added Pin To Net: NetName=VIN Pin=U3-8
Added Pin To Net: NetName=D1 Pin=U4-1
Added Pin To Net: NetName=S1 Pin=U4-2
Added Pin To Net: NetName=AVSS1 Pin=U4-3
Added Pin To Net: NetName=SEL1 Pin=U4-4
Added Pin To Net: NetName=VDD1 Pin=U4-5
Added Pin To Net: NetName=D2 Pin=U5-1
Added Pin To Net: NetName=S2 Pin=U5-2
Added Pin To Net: NetName=AVSS1 Pin=U5-3
Added Pin To Net: NetName=SEL2 Pin=U5-4
Added Pin To Net: NetName=VDD2 Pin=U5-5
Added Class: Name=FrontEndEval
Added Class: Name=InterfaceBoard
Added Room: Name=FrontEndEval
Added Room: Name=InterfaceBoard
Added Room: Name=MSP432
