Removed Pin From Net: NetName=+5 Pin=*-21
Removed Pin From Net: NetName=-5 Pin=P16-20
Removed Pin From Net: NetName=2:1 Atten Out Pin=R3-1
Removed Pin From Net: NetName=1:1 Atten In Pin=R3-2
Removed Pin From Net: NetName=5:1 Atten Out Pin=R5-1
Removed Pin From Net: NetName=2:1 Atten Out Pin=R5-2
Removed Pin From Net: NetName=AVSS1 Pin=R7-1
Removed Pin From Net: NetName=5:1 Atten Out Pin=R7-2
Removed Pin From Net: NetName=+5 Pin=R14-3
Removed Pin From Net: NetName=1:1 Atten In Pin=U6-1
Removed Pin From Net: NetName=Atten Out Pin=U6-3
Removed Pin From Net: NetName=1:1 Atten In Pin=U6-4
Removed Pin From Net: NetName=1:1 Enable Pin=U6-5
Removed Pin From Net: NetName=2:1 Enable Pin=U6-6
Removed Pin From Net: NetName=Atten Out Pin=U6-8
Removed Pin From Net: NetName=2:1 Atten Out Pin=U6-9
Removed Pin From Net: NetName=2:1 Atten In Pin=U6-10
Removed Pin From Net: NetName=1:1 Atten In Pin=U6-11
Removed Pin From Net: NetName=2:1 Enable Pin=U6-12
Removed Pin From Net: NetName=+5 Pin=U6-14
Removed Pin From Net: NetName=1:1 Atten In Pin=U7-1
Removed Pin From Net: NetName=1:1 Atten In Pin=U7-2
Removed Pin From Net: NetName=Oscilloscope_In Pin=U7-3
Removed Pin From Net: NetName=-5 Pin=U7-4
Removed Pin From Net: NetName=Atten Out Pin=U7-5
Removed Pin From Net: NetName=VGA_in- Pin=U7-6
Removed Pin From Net: NetName=VGA_in- Pin=U7-7
Removed Pin From Net: NetName=+5 Pin=U7-8
Removed Pin From Net: NetName=1:1 Atten In Pin=U8-1
Removed Pin From Net: NetName=5:1 Atten In Pin=U8-2
Removed Pin From Net: NetName=5:1 Enable Pin=U8-13
Removed Pin From Net: NetName=+5 Pin=U8-14
Removed Pin From Net: NetName=+5 Pin=U9-3
Removed Pin From Net: NetName=1:1 Atten In Pin=U10-1
Removed Pin From Net: NetName=Atten Out Pin=U10-2
Removed Pin From Net: NetName=Atten Out Pin=U10-3
Removed Pin From Net: NetName=2:1 Atten Out Pin=U10-4
Removed Pin From Net: NetName=2:1 Enable Pin=U10-5
Removed Pin From Net: NetName=5:1 Enable Pin=U10-6
Removed Pin From Net: NetName=-5 Pin=U10-7
Removed Pin From Net: NetName=5:1 Atten Out Pin=U10-8
Removed Pin From Net: NetName=Atten Out Pin=U10-9
Removed Pin From Net: NetName=1:1 Enable Pin=U10-13
Removed Pin From Net: NetName=+5 Pin=U10-14
Removed Pin From Net: NetName=+5 Pin=U11-8
Removed Member From Class: ClassName=FrontEndCircuit Member=R3
Removed Member From Class: ClassName=FrontEndCircuit Member=R5
Removed Member From Class: ClassName=FrontEndCircuit Member=R7
Change Component Footprint: Designator=U10 Old Footprint=N14 New Footprint=P8
Change Component Footprint: Designator=U7 Old Footprint=SOIC_58BAIDR_TEX New Footprint=N16
Change Component Comment : Designator=U10 Old Comment=CD4066BE New Comment=LM358AP
Change Component Comment : Designator=U7 Old Comment=LM358BAIDR New Comment=CD4054BE
Change Component Designator: OldDesignator= NewDesignator=P1
Change Component Designator: OldDesignator= NewDesignator=P2
Change Component Designator: OldDesignator= NewDesignator=P3
Change Component Designator: OldDesignator= NewDesignator=P4
Change component parameters: Designator = "R1" ("R1"); Footprint = "AXIAL-0.3"; UniqueID = "\ESXGAYGZ" ("\ESXGAYGZ")
Change component parameters (AddParameter): Name = "LatestRevisionDate"; Value = "17-Jul-2002"; VariantName = "[No Variations]"
Change component parameters (AddParameter): Name = "LatestRevisionNote"; Value = "Re-released for DXP Platform."; VariantName = "[No Variations]"
Change component parameters (AddParameter): Name = "PackageDescription"; Value = "Axial Device, Thru-Hole; 2 Leads; 0.3 in Pin Spacing"; VariantName = "[No Variations]"
Change component parameters (AddParameter): Name = "PackageReference"; Value = "AXIAL-0.3"; VariantName = "[No Variations]"
Change component parameters (AddParameter): Name = "Published"; Value = "8-Jun-2000"; VariantName = "[No Variations]"
Change component parameters (AddParameter): Name = "Publisher"; Value = "Altium Limited"; VariantName = "[No Variations]"
Change component parameters (AddParameter): Name = "Value"; Value = "10K"; VariantName = "[No Variations]"
Change component parameters: Designator = "R2" ("R2"); Footprint = "AXIAL-0.3"; UniqueID = "\KBMKAGZJ" ("\KBMKAGZJ")
Change component parameters (AddParameter): Name = "LatestRevisionDate"; Value = "17-Jul-2002"; VariantName = "[No Variations]"
Change component parameters (AddParameter): Name = "LatestRevisionNote"; Value = "Re-released for DXP Platform."; VariantName = "[No Variations]"
Change component parameters (AddParameter): Name = "PackageDescription"; Value = "Axial Device, Thru-Hole; 2 Leads; 0.3 in Pin Spacing"; VariantName = "[No Variations]"
Change component parameters (AddParameter): Name = "PackageReference"; Value = "AXIAL-0.3"; VariantName = "[No Variations]"
Change component parameters (AddParameter): Name = "Published"; Value = "8-Jun-2000"; VariantName = "[No Variations]"
Change component parameters (AddParameter): Name = "Publisher"; Value = "Altium Limited"; VariantName = "[No Variations]"
Change component parameters (AddParameter): Name = "Value"; Value = "10K"; VariantName = "[No Variations]"
Change component parameters: Designator = "R4" ("R4"); Footprint = "AXIAL-0.3"; UniqueID = "\OVTGGMPK" ("\OVTGGMPK")
Change component parameters (AddParameter): Name = "LatestRevisionDate"; Value = "17-Jul-2002"; VariantName = "[No Variations]"
Change component parameters (AddParameter): Name = "LatestRevisionNote"; Value = "Re-released for DXP Platform."; VariantName = "[No Variations]"
Change component parameters (AddParameter): Name = "PackageDescription"; Value = "Axial Device, Thru-Hole; 2 Leads; 0.3 in Pin Spacing"; VariantName = "[No Variations]"
Change component parameters (AddParameter): Name = "PackageReference"; Value = "AXIAL-0.3"; VariantName = "[No Variations]"
Change component parameters (AddParameter): Name = "Published"; Value = "8-Jun-2000"; VariantName = "[No Variations]"
Change component parameters (AddParameter): Name = "Publisher"; Value = "Altium Limited"; VariantName = "[No Variations]"
Change component parameters (AddParameter): Name = "Value"; Value = "20K"; VariantName = "[No Variations]"
Change component parameters: Designator = "R6" ("R6"); Footprint = "AXIAL-0.3"; UniqueID = "\OOMPYXXF" ("\OOMPYXXF")
Change component parameters (AddParameter): Name = "LatestRevisionDate"; Value = "17-Jul-2002"; VariantName = "[No Variations]"
Change component parameters (AddParameter): Name = "LatestRevisionNote"; Value = "Re-released for DXP Platform."; VariantName = "[No Variations]"
Change component parameters (AddParameter): Name = "PackageDescription"; Value = "Axial Device, Thru-Hole; 2 Leads; 0.3 in Pin Spacing"; VariantName = "[No Variations]"
Change component parameters (AddParameter): Name = "PackageReference"; Value = "AXIAL-0.3"; VariantName = "[No Variations]"
Change component parameters (AddParameter): Name = "Published"; Value = "8-Jun-2000"; VariantName = "[No Variations]"
Change component parameters (AddParameter): Name = "Publisher"; Value = "Altium Limited"; VariantName = "[No Variations]"
Change component parameters (AddParameter): Name = "Value"; Value = "5K"; VariantName = "[No Variations]"
Change component parameters: Designator = "U10" ("U10"); Footprint = "N14"; UniqueID = "\FKEKIRCE" ("\FKEKIRCE")
Change component parameters (AddParameter): Name = "Copyright"; Value = "Copyright (C) 2018 Accelerated Designs. All rights reserved"; VariantName = "[No Variations]"
Change component parameters (AddParameter): Name = "Datasheet_URL"; Value = "http://www.ti.com/lit/gpn/LM358A"; VariantName = "[No Variations]"
Change component parameters (AddParameter): Name = "FAMILY_NAME"; Value = "STANDARD LINEAR AMPLIFIER"; VariantName = "[No Variations]"
Change component parameters (AddParameter): Name = "GENERIC_PART_NUMBER"; Value = "LM358A"; VariantName = "[No Variations]"
Change component parameters (AddParameter): Name = "INDUSTRY_STD_PKG_TYPE"; Value = "PDIP"; VariantName = "[No Variations]"
Change component parameters (AddParameter): Name = "Manufacturer"; Value = "Texas Instruments"; VariantName = "[No Variations]"
Change component parameters (AddParameter): Name = "Manufacturer_Part_Number"; Value = "LM358AP"; VariantName = "[No Variations]"
Change component parameters (AddParameter): Name = "PACKAGE_DESIGNATOR"; Value = "P"; VariantName = "[No Variations]"
Change component parameters (AddParameter): Name = "PIN_COUNT"; Value = "8"; VariantName = "[No Variations]"
Change component parameters (AddParameter): Name = "RefDes"; Value = "RefDes"; VariantName = "[No Variations]"
Change component parameters (AddParameter): Name = "Type"; Value = "DEV"; VariantName = "[No Variations]"
Change component parameters (AddParameter): Name = "Vendor"; Value = "Texas Instruments"; VariantName = "[No Variations]"
Change component parameters: Designator = "U7" ("U7"); Footprint = "SOIC_58BAIDR_TEX"; UniqueID = "\AYAKIRPU" ("\AYAKIRPU")
Change component parameters (AddParameter): Name = "Copyright"; Value = "Copyright (C) 2018 Accelerated Designs. All rights reserved"; VariantName = "[No Variations]"
Change component parameters (AddParameter): Name = "Datasheet_URL"; Value = "http://www.ti.com/lit/gpn/CD4054B"; VariantName = "[No Variations]"
Change component parameters (AddParameter): Name = "FAMILY_NAME"; Value = "NON-INVERTING BUFFER/DRIVER"; VariantName = "[No Variations]"
Change component parameters (AddParameter): Name = "GENERIC_PART_NUMBER"; Value = "CD4054B"; VariantName = "[No Variations]"
Change component parameters (AddParameter): Name = "INDUSTRY_STD_PKG_TYPE"; Value = "PDIP"; VariantName = "[No Variations]"
Change component parameters (AddParameter): Name = "Manufacturer"; Value = "Texas Instruments"; VariantName = "[No Variations]"
Change component parameters (AddParameter): Name = "PACKAGE_DESIGNATOR"; Value = "N"; VariantName = "[No Variations]"
Change component parameters (AddParameter): Name = "PIN_COUNT"; Value = "16"; VariantName = "[No Variations]"
Change component parameters (AddParameter): Name = "RefDes"; Value = "RefDes"; VariantName = "[No Variations]"
Change component parameters (AddParameter): Name = "Type"; Value = "DEV"; VariantName = "[No Variations]"
Added Component: Designator=C2(RAD-0.3)
Add component (AddParameter): Name = "LatestRevisionDate"; Value = "17-Jul-2002"; VariantName = "[No Variations]"
Add component (AddParameter): Name = "LatestRevisionNote"; Value = "Re-released for DXP Platform."; VariantName = "[No Variations]"
Add component (AddParameter): Name = "PackageDescription"; Value = "Radial Cap, Thru-Hole; 2 Leads; 0.3 in Pin Spacing"; VariantName = "[No Variations]"
Add component (AddParameter): Name = "PackageReference"; Value = "RAD-0.3"; VariantName = "[No Variations]"
Add component (AddParameter): Name = "Published"; Value = "8-Jun-2000"; VariantName = "[No Variations]"
Add component (AddParameter): Name = "Publisher"; Value = "Altium Limited"; VariantName = "[No Variations]"
Add component (AddParameter): Name = "Value"; Value = "4.7uF"; VariantName = "[No Variations]"
Added Component: Designator=C10(RAD-0.3)
Add component (AddParameter): Name = "LatestRevisionDate"; Value = "17-Jul-2002"; VariantName = "[No Variations]"
Add component (AddParameter): Name = "LatestRevisionNote"; Value = "Re-released for DXP Platform."; VariantName = "[No Variations]"
Add component (AddParameter): Name = "PackageDescription"; Value = "Radial Cap, Thru-Hole; 2 Leads; 0.3 in Pin Spacing"; VariantName = "[No Variations]"
Add component (AddParameter): Name = "PackageReference"; Value = "RAD-0.3"; VariantName = "[No Variations]"
Add component (AddParameter): Name = "Published"; Value = "8-Jun-2000"; VariantName = "[No Variations]"
Add component (AddParameter): Name = "Publisher"; Value = "Altium Limited"; VariantName = "[No Variations]"
Add component (AddParameter): Name = "Value"; Value = "100pF"; VariantName = "[No Variations]"
Added Component: Designator=C11(RAD-0.3)
Add component (AddParameter): Name = "LatestRevisionDate"; Value = "17-Jul-2002"; VariantName = "[No Variations]"
Add component (AddParameter): Name = "LatestRevisionNote"; Value = "Re-released for DXP Platform."; VariantName = "[No Variations]"
Add component (AddParameter): Name = "PackageDescription"; Value = "Radial Cap, Thru-Hole; 2 Leads; 0.3 in Pin Spacing"; VariantName = "[No Variations]"
Add component (AddParameter): Name = "PackageReference"; Value = "RAD-0.3"; VariantName = "[No Variations]"
Add component (AddParameter): Name = "Published"; Value = "8-Jun-2000"; VariantName = "[No Variations]"
Add component (AddParameter): Name = "Publisher"; Value = "Altium Limited"; VariantName = "[No Variations]"
Add component (AddParameter): Name = "Value"; Value = "100pF"; VariantName = "[No Variations]"
Added Component: Designator=C12(RAD-0.3)
Add component (AddParameter): Name = "LatestRevisionDate"; Value = "17-Jul-2002"; VariantName = "[No Variations]"
Add component (AddParameter): Name = "LatestRevisionNote"; Value = "Re-released for DXP Platform."; VariantName = "[No Variations]"
Add component (AddParameter): Name = "PackageDescription"; Value = "Radial Cap, Thru-Hole; 2 Leads; 0.3 in Pin Spacing"; VariantName = "[No Variations]"
Add component (AddParameter): Name = "PackageReference"; Value = "RAD-0.3"; VariantName = "[No Variations]"
Add component (AddParameter): Name = "Published"; Value = "8-Jun-2000"; VariantName = "[No Variations]"
Add component (AddParameter): Name = "Publisher"; Value = "Altium Limited"; VariantName = "[No Variations]"
Add component (AddParameter): Name = "Value"; Value = "100pF"; VariantName = "[No Variations]"
Added Component: Designator=C13(RB7.6-15)
Add component (AddParameter): Name = "LatestRevisionDate"; Value = "17-Jul-2002"; VariantName = "[No Variations]"
Add component (AddParameter): Name = "LatestRevisionNote"; Value = "Re-released for DXP Platform."; VariantName = "[No Variations]"
Add component (AddParameter): Name = "PackageDescription"; Value = "Polarized Capacitor (Radial); 2 Leads"; VariantName = "[No Variations]"
Add component (AddParameter): Name = "PackageReference"; Value = "RB7.6-15"; VariantName = "[No Variations]"
Add component (AddParameter): Name = "Published"; Value = "8-Jun-2000"; VariantName = "[No Variations]"
Add component (AddParameter): Name = "Publisher"; Value = "Altium Limited"; VariantName = "[No Variations]"
Add component (AddParameter): Name = "Value"; Value = "100pF"; VariantName = "[No Variations]"
Added Component: Designator=C14(RB7.6-15)
Add component (AddParameter): Name = "LatestRevisionDate"; Value = "17-Jul-2002"; VariantName = "[No Variations]"
Add component (AddParameter): Name = "LatestRevisionNote"; Value = "Re-released for DXP Platform."; VariantName = "[No Variations]"
Add component (AddParameter): Name = "PackageDescription"; Value = "Polarized Capacitor (Radial); 2 Leads"; VariantName = "[No Variations]"
Add component (AddParameter): Name = "PackageReference"; Value = "RB7.6-15"; VariantName = "[No Variations]"
Add component (AddParameter): Name = "Published"; Value = "8-Jun-2000"; VariantName = "[No Variations]"
Add component (AddParameter): Name = "Publisher"; Value = "Altium Limited"; VariantName = "[No Variations]"
Add component (AddParameter): Name = "Value"; Value = "100pF"; VariantName = "[No Variations]"
Added Component: Designator=J1(Power 2.5 fixed)
Add component (AddParameter): Name = "ComponentLink1Description"; Value = "Manufacturer Link"; VariantName = "[No Variations]"
Add component (AddParameter): Name = "ComponentLink1URL"; Value = "http://domino.kycon.com/internet/Products.html"; VariantName = "[No Variations]"
Add component (AddParameter): Name = "DatasheetDocument"; Value = "09-May-2002"; VariantName = "[No Variations]"
Add component (AddParameter): Name = "Published"; Value = "17-Dec-2003"; VariantName = "[No Variations]"
Add component (AddParameter): Name = "Publisher"; Value = "Altium Limited"; VariantName = "[No Variations]"
Added Component: Designator=P5(HDR1X4)
Add component (AddParameter): Name = "LatestRevisionDate"; Value = "17-Jul-2002"; VariantName = "[No Variations]"
Add component (AddParameter): Name = "LatestRevisionNote"; Value = "Re-released for DXP Platform."; VariantName = "[No Variations]"
Add component (AddParameter): Name = "Publisher"; Value = "Altium Limited"; VariantName = "[No Variations]"
Added Component: Designator=P6(HDR1X4)
Add component (AddParameter): Name = "LatestRevisionDate"; Value = "17-Jul-2002"; VariantName = "[No Variations]"
Add component (AddParameter): Name = "LatestRevisionNote"; Value = "Re-released for DXP Platform."; VariantName = "[No Variations]"
Add component (AddParameter): Name = "Publisher"; Value = "Altium Limited"; VariantName = "[No Variations]"
Added Component: Designator=P7(HDR1X4)
Add component (AddParameter): Name = "LatestRevisionDate"; Value = "17-Jul-2002"; VariantName = "[No Variations]"
Add component (AddParameter): Name = "LatestRevisionNote"; Value = "Re-released for DXP Platform."; VariantName = "[No Variations]"
Add component (AddParameter): Name = "Publisher"; Value = "Altium Limited"; VariantName = "[No Variations]"
Added Component: Designator=P8(HDR1X4)
Add component (AddParameter): Name = "LatestRevisionDate"; Value = "17-Jul-2002"; VariantName = "[No Variations]"
Add component (AddParameter): Name = "LatestRevisionNote"; Value = "Re-released for DXP Platform."; VariantName = "[No Variations]"
Add component (AddParameter): Name = "Publisher"; Value = "Altium Limited"; VariantName = "[No Variations]"
Added Component: Designator=P9(HDR1X3)
Add component (AddParameter): Name = "LatestRevisionDate"; Value = "17-Jul-2002"; VariantName = "[No Variations]"
Add component (AddParameter): Name = "LatestRevisionNote"; Value = "Re-released for DXP Platform."; VariantName = "[No Variations]"
Add component (AddParameter): Name = "Publisher"; Value = "Altium Limited"; VariantName = "[No Variations]"
Added Component: Designator=P10(HDR1X3)
Add component (AddParameter): Name = "LatestRevisionDate"; Value = "17-Jul-2002"; VariantName = "[No Variations]"
Add component (AddParameter): Name = "LatestRevisionNote"; Value = "Re-released for DXP Platform."; VariantName = "[No Variations]"
Add component (AddParameter): Name = "Publisher"; Value = "Altium Limited"; VariantName = "[No Variations]"
Added Component: Designator=P11(HDR1X4)
Add component (AddParameter): Name = "LatestRevisionDate"; Value = "17-Jul-2002"; VariantName = "[No Variations]"
Add component (AddParameter): Name = "LatestRevisionNote"; Value = "Re-released for DXP Platform."; VariantName = "[No Variations]"
Add component (AddParameter): Name = "Publisher"; Value = "Altium Limited"; VariantName = "[No Variations]"
Added Component: Designator=P12(HDR1X3)
Add component (AddParameter): Name = "LatestRevisionDate"; Value = "17-Jul-2002"; VariantName = "[No Variations]"
Add component (AddParameter): Name = "LatestRevisionNote"; Value = "Re-released for DXP Platform."; VariantName = "[No Variations]"
Add component (AddParameter): Name = "Publisher"; Value = "Altium Limited"; VariantName = "[No Variations]"
Added Component: Designator=P13(HDR1X3)
Add component (AddParameter): Name = "LatestRevisionDate"; Value = "17-Jul-2002"; VariantName = "[No Variations]"
Add component (AddParameter): Name = "LatestRevisionNote"; Value = "Re-released for DXP Platform."; VariantName = "[No Variations]"
Add component (AddParameter): Name = "Publisher"; Value = "Altium Limited"; VariantName = "[No Variations]"
Added Component: Designator=P14(HDR1X4)
Add component (AddParameter): Name = "LatestRevisionDate"; Value = "17-Jul-2002"; VariantName = "[No Variations]"
Add component (AddParameter): Name = "LatestRevisionNote"; Value = "Re-released for DXP Platform."; VariantName = "[No Variations]"
Add component (AddParameter): Name = "Publisher"; Value = "Altium Limited"; VariantName = "[No Variations]"
Added Component: Designator=P15(HDR2X10)
Add component (AddParameter): Name = "LatestRevisionDate"; Value = "17-Jul-2002"; VariantName = "[No Variations]"
Add component (AddParameter): Name = "LatestRevisionNote"; Value = "Re-released for DXP Platform."; VariantName = "[No Variations]"
Add component (AddParameter): Name = "Publisher"; Value = "Altium Limited"; VariantName = "[No Variations]"
Added Component: Designator=P17(HDR1X3)
Add component (AddParameter): Name = "LatestRevisionDate"; Value = "17-Jul-2002"; VariantName = "[No Variations]"
Add component (AddParameter): Name = "LatestRevisionNote"; Value = "Re-released for DXP Platform."; VariantName = "[No Variations]"
Add component (AddParameter): Name = "Publisher"; Value = "Altium Limited"; VariantName = "[No Variations]"
Added Component: Designator=U2(SQA16A)
Add component (AddParameter): Name = "Copyright"; Value = "Copyright (C) 2018 Accelerated Designs. All rights reserved"; VariantName = "[No Variations]"
Add component (AddParameter): Name = "RefDes"; Value = "RefDes"; VariantName = "[No Variations]"
Add component (AddParameter): Name = "Type"; Value = "DEV"; VariantName = "[No Variations]"
Added Component: Designator=U3(D0008A_N)
Add component (AddParameter): Name = "Copyright"; Value = "Copyright (C) 2018 Accelerated Designs. All rights reserved"; VariantName = "[No Variations]"
Add component (AddParameter): Name = "Manufacturer"; Value = "Texas Instruments"; VariantName = "[No Variations]"
Add component (AddParameter): Name = "PartNumber"; Value = "OPA862IDR"; VariantName = "[No Variations]"
Add component (AddParameter): Name = "RefDes"; Value = "RefDes"; VariantName = "[No Variations]"
Add component (AddParameter): Name = "Type"; Value = "DEV"; VariantName = "[No Variations]"
Add component (AddParameter): Name = "Value"; Value = "Value"; VariantName = "[No Variations]"
Added Component: Designator=U4(SOT-23-5_1P6X2P9_THT)
Add component (AddParameter): Name = "Copyright"; Value = "Copyright (C) 2018 Accelerated Designs. All rights reserved"; VariantName = "[No Variations]"
Add component (AddParameter): Name = "Datasheet"; Value = "https://www.ti.com/lit/ds/symlink/tmux1101.pdf?HQS=TI-null-null-digikeymode-df-pf-null-wwe&ts=1603128596910"; VariantName = "[No Variations]"
Add component (AddParameter): Name = "Manufacturer_Part_Number"; Value = "TMUX1102DBVR"; VariantName = "[No Variations]"
Add component (AddParameter): Name = "RefDes"; Value = "RefDes"; VariantName = "[No Variations]"
Add component (AddParameter): Name = "SourceLibrary"; Value = "Add_to_database_2020-10-19"; VariantName = "[No Variations]"
Add component (AddParameter): Name = "Type"; Value = "DEV"; VariantName = "[No Variations]"
Add component (AddParameter): Name = "Vendor"; Value = "Texas Instruments"; VariantName = "[No Variations]"
Added Component: Designator=U5(SOT-23-5_1P6X2P9_THT)
Add component (AddParameter): Name = "Copyright"; Value = "Copyright (C) 2018 Accelerated Designs. All rights reserved"; VariantName = "[No Variations]"
Add component (AddParameter): Name = "Datasheet"; Value = "https://www.ti.com/lit/ds/symlink/tmux1101.pdf?HQS=TI-null-null-digikeymode-df-pf-null-wwe&ts=1603128596910"; VariantName = "[No Variations]"
Add component (AddParameter): Name = "Manufacturer_Part_Number"; Value = "TMUX1102DBVR"; VariantName = "[No Variations]"
Add component (AddParameter): Name = "RefDes"; Value = "RefDes"; VariantName = "[No Variations]"
Add component (AddParameter): Name = "SourceLibrary"; Value = "Add_to_database_2020-10-19"; VariantName = "[No Variations]"
Add component (AddParameter): Name = "Type"; Value = "DEV"; VariantName = "[No Variations]"
Add component (AddParameter): Name = "Vendor"; Value = "Texas Instruments"; VariantName = "[No Variations]"
Added Component: Designator=U12(KCS3)
Add component (AddParameter): Name = "Copyright"; Value = "Copyright (C) 2018 Accelerated Designs. All rights reserved"; VariantName = "[No Variations]"
Add component (AddParameter): Name = "Datasheet_URL"; Value = "http://www.ti.com/lit/gpn/TLV2217-18"; VariantName = "[No Variations]"
Add component (AddParameter): Name = "FAMILY_NAME"; Value = "SINGLE CHANNEL LDO"; VariantName = "[No Variations]"
Add component (AddParameter): Name = "GENERIC_PART_NUMBER"; Value = "TLV2217-18"; VariantName = "[No Variations]"
Add component (AddParameter): Name = "INDUSTRY_STD_PKG_TYPE"; Value = "TO-220"; VariantName = "[No Variations]"
Add component (AddParameter): Name = "Manufacturer"; Value = "Texas Instruments"; VariantName = "[No Variations]"
Add component (AddParameter): Name = "Manufacturer_Part_Number"; Value = "TLV2217-33KCSE3"; VariantName = "[No Variations]"
Add component (AddParameter): Name = "PACKAGE_DESIGNATOR"; Value = "KCS"; VariantName = "[No Variations]"
Add component (AddParameter): Name = "PIN_COUNT"; Value = "3"; VariantName = "[No Variations]"
Add component (AddParameter): Name = "RefDes"; Value = "RefDes"; VariantName = "[No Variations]"
Add component (AddParameter): Name = "Type"; Value = "DEV"; VariantName = "[No Variations]"
Add component (AddParameter): Name = "Vendor"; Value = "Texas Instruments"; VariantName = "[No Variations]"
Added Component: Designator=U13(21-0043D_8_MXM)
Add component (AddParameter): Name = "Built_By"; Value = "EMA_UL_Team"; VariantName = "[No Variations]"
Add component (AddParameter): Name = "Copyright"; Value = "Copyright (C) 2018 Accelerated Designs. All rights reserved"; VariantName = "[No Variations]"
Add component (AddParameter): Name = "Manufacturer_Part_Number"; Value = "icl7660epa+"; VariantName = "[No Variations]"
Add component (AddParameter): Name = "RefDes"; Value = "RefDes"; VariantName = "[No Variations]"
Add component (AddParameter): Name = "SourceLibrary"; Value = "Maxim_2014-06-20"; VariantName = "[No Variations]"
Add component (AddParameter): Name = "Type"; Value = "DEV"; VariantName = "[No Variations]"
Add component (AddParameter): Name = "Vendor"; Value = "Maxim Integrated Products"; VariantName = "[No Variations]"
Added Pin To Net: NetName=AVCC1 Pin=*-21
Added Pin To Net: NetName=AVCC1 Pin=C2-1
Added Pin To Net: NetName=AVSS1 Pin=C2-2
Added Pin To Net: NetName=+5 Pin=C10-1
Added Pin To Net: NetName=AVSS1 Pin=C10-2
Added Pin To Net: NetName=AVCC1 Pin=C11-1
Added Pin To Net: NetName=AVSS1 Pin=C11-2
Added Pin To Net: NetName=AVSS1 Pin=C12-2
Added Pin To Net: NetName=AVSS1 Pin=C14-1
Added Pin To Net: NetName=-5 Pin=C14-2
Added Pin To Net: NetName=AVSS1 Pin=J1-2
Added Pin To Net: NetName=VertZoomUp Pin=P2-16
Added Pin To Net: NetName=VertZoomDn Pin=P2-17
Added Pin To Net: NetName=HorzZoomUp Pin=P2-18
Added Pin To Net: NetName=HorzZoomDn Pin=P2-19
Added Pin To Net: NetName=TrigUp Pin=P2-20
Added Pin To Net: NetName=TrigDn Pin=P2-21
Added Pin To Net: NetName=AVSS1 Pin=P5-1
Added Pin To Net: NetName=IN+ Pin=P5-2
Added Pin To Net: NetName=IN- Pin=P5-3
Added Pin To Net: NetName=AVSS1 Pin=P5-4
Added Pin To Net: NetName=NC Pin=P6-1
Added Pin To Net: NetName=+5 Pin=P6-2
Added Pin To Net: NetName=LATCH Pin=P6-3
Added Pin To Net: NetName=GAIN0 Pin=P6-4
Added Pin To Net: NetName=LOAD- Pin=P7-1
Added Pin To Net: NetName=OUT- Pin=P7-2
Added Pin To Net: NetName=OUT+ Pin=P7-3
Added Pin To Net: NetName=LOAD+ Pin=P7-4
Added Pin To Net: NetName=GAIN1 Pin=P8-1
Added Pin To Net: NetName=GAIN2 Pin=P8-2
Added Pin To Net: NetName=GAIN3 Pin=P8-3
Added Pin To Net: NetName=GAIN4 Pin=P8-4
Added Pin To Net: NetName=D1 Pin=P9-1
Added Pin To Net: NetName=S1 Pin=P9-2
Added Pin To Net: NetName=AVSS1 Pin=P9-3
Added Pin To Net: NetName=SEL1 Pin=P10-1
Added Pin To Net: NetName=VDD1 Pin=P10-2
Added Pin To Net: NetName=VFB Pin=P11-1
Added Pin To Net: NetName=VREF Pin=P11-2
Added Pin To Net: NetName=Vpos Pin=P11-3
Added Pin To Net: NetName=Vout+ Pin=P11-4
Added Pin To Net: NetName=D2 Pin=P12-1
Added Pin To Net: NetName=S2 Pin=P12-2
Added Pin To Net: NetName=AVSS1 Pin=P12-3
Added Pin To Net: NetName=SEL2 Pin=P13-1
Added Pin To Net: NetName=VDD2 Pin=P13-2
Added Pin To Net: NetName=VIN Pin=P14-1
Added Pin To Net: NetName=PD Pin=P14-2
Added Pin To Net: NetName=Vmin Pin=P14-3
Added Pin To Net: NetName=Vout- Pin=P14-4
Added Pin To Net: NetName=AVCC1 Pin=P15-1
Added Pin To Net: NetName=LCD_CS Pin=P15-5
Added Pin To Net: NetName=HorzZoomUp Pin=P15-6
Added Pin To Net: NetName=LCD_SCK Pin=P15-7
Added Pin To Net: NetName=VertZoomUp Pin=P15-8
Added Pin To Net: NetName=LCD_RS Pin=P15-9
Added Pin To Net: NetName=VertZoomDn Pin=P15-10
Added Pin To Net: NetName=LCD_SD0 Pin=P15-11
Added Pin To Net: NetName=HorzZoomDn Pin=P15-12
Added Pin To Net: NetName=LCD_SDI Pin=P15-13
Added Pin To Net: NetName=TrigUp Pin=P15-14
Added Pin To Net: NetName=TP_CS Pin=P15-15
Added Pin To Net: NetName=TrigDn Pin=P15-16
Added Pin To Net: NetName=TP_IRQ Pin=P15-17
Added Pin To Net: NetName=OffsetLevel Pin=P15-18
Added Pin To Net: NetName=AVSS1 Pin=P15-19
Added Pin To Net: NetName=-5 Pin=P15-20
Added Pin To Net: NetName=AVSS1 Pin=P17-3
Added Pin To Net: NetName=AVCC1 Pin=R14-3
Added Pin To Net: NetName=VertZoomUp Pin=U1-16
Added Pin To Net: NetName=VertZoomDn Pin=U1-17
Added Pin To Net: NetName=HorzZoomUp Pin=U1-18
Added Pin To Net: NetName=HorzZoomDn Pin=U1-19
Added Pin To Net: NetName=TrigUp Pin=U1-20
Added Pin To Net: NetName=TrigDn Pin=U1-21
Added Pin To Net: NetName=GAIN0 Pin=U2-1
Added Pin To Net: NetName=LATCH Pin=U2-2
Added Pin To Net: NetName=+5 Pin=U2-3
Added Pin To Net: NetName=NC Pin=U2-4
Added Pin To Net: NetName=AVSS1 Pin=U2-5
Added Pin To Net: NetName=IN+ Pin=U2-6
Added Pin To Net: NetName=IN- Pin=U2-7
Added Pin To Net: NetName=AVSS1 Pin=U2-8
Added Pin To Net: NetName=GAIN4 Pin=U2-9
Added Pin To Net: NetName=GAIN3 Pin=U2-10
Added Pin To Net: NetName=GAIN2 Pin=U2-11
Added Pin To Net: NetName=GAIN1 Pin=U2-12
Added Pin To Net: NetName=LOAD+ Pin=U2-13
Added Pin To Net: NetName=OUT+ Pin=U2-14
Added Pin To Net: NetName=OUT- Pin=U2-15
Added Pin To Net: NetName=LOAD- Pin=U2-16
Added Pin To Net: NetName=AVSS1 Pin=U2-17
Added Pin To Net: NetName=VFB Pin=U3-1
Added Pin To Net: NetName=VREF Pin=U3-2
Added Pin To Net: NetName=Vpos Pin=U3-3
Added Pin To Net: NetName=Vout+ Pin=U3-4
Added Pin To Net: NetName=Vout- Pin=U3-5
Added Pin To Net: NetName=Vmin Pin=U3-6
Added Pin To Net: NetName=PD Pin=U3-7
Added Pin To Net: NetName=VIN Pin=U3-8
Added Pin To Net: NetName=D1 Pin=U4-1
Added Pin To Net: NetName=S1 Pin=U4-2
Added Pin To Net: NetName=AVSS1 Pin=U4-3
Added Pin To Net: NetName=SEL1 Pin=U4-4
Added Pin To Net: NetName=VDD1 Pin=U4-5
Added Pin To Net: NetName=D2 Pin=U5-1
Added Pin To Net: NetName=S2 Pin=U5-2
Added Pin To Net: NetName=AVSS1 Pin=U5-3
Added Pin To Net: NetName=SEL2 Pin=U5-4
Added Pin To Net: NetName=VDD2 Pin=U5-5
Added Pin To Net: NetName=AVSS1 Pin=U6-4
Added Pin To Net: NetName=5:1 Enable Pin=U6-6
Added Pin To Net: NetName=5:1 Atten In Pin=U6-8
Added Pin To Net: NetName=2:1 Atten In Pin=U6-11
Added Pin To Net: NetName=AVCC1 Pin=U6-14
Added Pin To Net: NetName=1:1 Enable Pin=U7-3
Added Pin To Net: NetName=2:1 Enable Pin=U7-4
Added Pin To Net: NetName=5:1 Enable Pin=U7-5
Added Pin To Net: NetName=-5 Pin=U7-7
Added Pin To Net: NetName=AVSS1 Pin=U7-8
Added Pin To Net: NetName=AVCC1 Pin=U7-16
Added Pin To Net: NetName=2:1 Atten Out Pin=U8-1
Added Pin To Net: NetName=Atten Out Pin=U8-2
Added Pin To Net: NetName=AVSS1 Pin=U8-9
Added Pin To Net: NetName=Atten Out Pin=U8-10
Added Pin To Net: NetName=1:1 Atten In Pin=U8-11
Added Pin To Net: NetName=1:1 Enable Pin=U8-12
Added Pin To Net: NetName=2:1 Enable Pin=U8-13
Added Pin To Net: NetName=AVCC1 Pin=U8-14
Added Pin To Net: NetName=P4.0 Pin=U9-1
Added Pin To Net: NetName=P4.5 Pin=U9-2
Added Pin To Net: NetName=AVCC1 Pin=U9-3
Added Pin To Net: NetName=P4.4 Pin=U9-9
Added Pin To Net: NetName=P4.3 Pin=U9-10
Added Pin To Net: NetName=P4.2 Pin=U9-11
Added Pin To Net: NetName=P4.1 Pin=U9-12
Added Pin To Net: NetName=Oscilloscope_In Pin=U10-3
Added Pin To Net: NetName=-5 Pin=U10-4
Added Pin To Net: NetName=Atten Out Pin=U10-5
Added Pin To Net: NetName=VGA_in- Pin=U10-6
Added Pin To Net: NetName=VGA_in- Pin=U10-7
Added Pin To Net: NetName=AVCC1 Pin=U10-8
Added Pin To Net: NetName=AVCC1 Pin=U11-8
Added Pin To Net: NetName=AVCC1 Pin=U12-1
Added Pin To Net: NetName=AVSS1 Pin=U12-2
Added Pin To Net: NetName=AVSS1 Pin=U13-3
Added Pin To Net: NetName=-5 Pin=U13-5
Added Pin To Net: NetName=AVCC1 Pin=U13-8
Change Net Name : Old Net Name=-5 New Net Name=-3.3V
Change Net Name : Old Net Name=TrigDn New Net Name=P2.5
Change Net Name : Old Net Name=TrigUp New Net Name=P2.4
Change Net Name : Old Net Name=VertZoomDn New Net Name=P2.1
Change Net Name : Old Net Name=VertZoomUp New Net Name=P2.0
Added Pin To Net: NetName=-5 Pin=P16-20
Added Net: Name=-5
Added Pin To Net: NetName=1:1_Atten_En Pin=P4-4
Added Pin To Net: NetName=1:1_Atten_En Pin=U1-54
Added Pin To Net: NetName=1:1_Atten_En Pin=U7-15
Added Net: Name=1:1_Atten_En
Added Pin To Net: NetName=2:1_Atten_En Pin=P4-5
Added Pin To Net: NetName=2:1_Atten_En Pin=U1-55
Added Pin To Net: NetName=2:1_Atten_En Pin=U7-13
Added Net: Name=2:1_Atten_En
Added Pin To Net: NetName=5:1_Atten_En Pin=P1-1
Added Pin To Net: NetName=5:1_Atten_En Pin=U1-76
Added Pin To Net: NetName=5:1_Atten_En Pin=U7-11
Added Net: Name=5:1_Atten_En
Added Pin To Net: NetName=Atten_Latch Pin=P1-2
Added Pin To Net: NetName=Atten_Latch Pin=U1-77
Added Pin To Net: NetName=Atten_Latch Pin=U7-1
Added Pin To Net: NetName=Atten_Latch Pin=U7-10
Added Pin To Net: NetName=Atten_Latch Pin=U7-12
Added Pin To Net: NetName=Atten_Latch Pin=U7-14
Added Net: Name=Atten_Latch
Added Pin To Net: NetName=Atten In Pin=U6-1
Added Pin To Net: NetName=Atten In Pin=U6-9
Added Pin To Net: NetName=Atten In Pin=U6-10
Added Pin To Net: NetName=Atten In Pin=U10-1
Added Pin To Net: NetName=Atten In Pin=U10-2
Added Net: Name=Atten In
Added Pin To Net: NetName=NetC13_1 Pin=C13-1
Added Pin To Net: NetName=NetC13_1 Pin=U13-2
Added Net: Name=NetC13_1
Added Pin To Net: NetName=NetC13_2 Pin=C13-2
Added Pin To Net: NetName=NetC13_2 Pin=U13-4
Added Net: Name=NetC13_2
Added Pin To Net: NetName=Other Enable Pin=U6-5
Added Pin To Net: NetName=Other Enable Pin=U7-6
Added Net: Name=Other Enable
Added Pin To Net: NetName=Power_In Pin=C12-1
Added Pin To Net: NetName=Power_In Pin=J1-1
Added Pin To Net: NetName=Power_In Pin=P17-1
Added Pin To Net: NetName=Power_In Pin=U12-3
Added Net: Name=Power_In
Added Class: Name=PowerCircuit
Added Member To Class: ClassName=MSP432 Member=Component C2 Cap
Added Member To Class: ClassName=FrontEndEval Member=Component C10 Cap
Added Member To Class: ClassName=MSP432 Member=Component P1 Header 13X2
Added Member To Class: ClassName=MSP432 Member=Component P2 Header 13X2
Added Member To Class: ClassName=MSP432 Member=Component P3 Header 13X2
Added Member To Class: ClassName=MSP432 Member=Component P4 Header 13X2
Added Member To Class: ClassName=FrontEndEval Member=Component P5 Header 4
Added Member To Class: ClassName=FrontEndEval Member=Component P6 Header 4
Added Member To Class: ClassName=FrontEndEval Member=Component P7 Header 4
Added Member To Class: ClassName=FrontEndEval Member=Component P8 Header 4
Added Member To Class: ClassName=FrontEndEval Member=Component P9 Header 3
Added Member To Class: ClassName=FrontEndEval Member=Component P10 Header 3
Added Member To Class: ClassName=FrontEndEval Member=Component P11 Header 4
Added Member To Class: ClassName=FrontEndEval Member=Component P12 Header 3
Added Member To Class: ClassName=FrontEndEval Member=Component P13 Header 3
Added Member To Class: ClassName=FrontEndEval Member=Component P14 Header 4
Added Member To Class: ClassName=InterfaceBoard Member=Component P15 Header 10X2
Added Member To Class: ClassName=FrontEndEval Member=Component U2 LMH6515SQ/NOPB
Added Member To Class: ClassName=FrontEndEval Member=Component U3 OPA862IDR
Added Member To Class: ClassName=FrontEndEval Member=Component U4 TMUX1102DBVR
Added Member To Class: ClassName=FrontEndEval Member=Component U5 TMUX1102DBVR
Added Room: Name=FrontEndCircuit
Added Room: Name=FrontEndEval
Added Room: Name=InterfaceBoard
Added Room: Name=MSP432
Added Room: Name=PowerCircuit
