Removed Pin From Net: NetName=HorzZoomUp Pin=P3-18
Removed Pin From Net: NetName=HorzZoomDn Pin=P3-19
Removed Pin From Net: NetName=P2.0 Pin=R9-1
Removed Pin From Net: NetName=P2.1 Pin=R10-1
Removed Pin From Net: NetName=P2.4 Pin=R13-1
Removed Pin From Net: NetName=P2.5 Pin=R14-1
Removed Pin From Net: NetName=P2.5 Pin=TrigDn1-2
Removed Pin From Net: NetName=P2.4 Pin=TrigUp1-2
Removed Pin From Net: NetName=HorzZoomUp Pin=U1-18
Removed Pin From Net: NetName=HorzZoomDn Pin=U1-19
Removed Pin From Net: NetName=P2.1 Pin=VertDn1-2
Removed Pin From Net: NetName=P2.0 Pin=VertUp1-2
Added Component: Designator=P2(HDR2X10)
Add component (AddParameter): Name = "LatestRevisionDate"; Value = "17-Jul-2002"; VariantName = "[No Variations]"
Add component (AddParameter): Name = "LatestRevisionNote"; Value = "Re-released for DXP Platform."; VariantName = "[No Variations]"
Add component (AddParameter): Name = "Publisher"; Value = "Altium Limited"; VariantName = "[No Variations]"
Added Component: Designator=P17(HDR2X10)
Add component (AddParameter): Name = "LatestRevisionDate"; Value = "17-Jul-2002"; VariantName = "[No Variations]"
Add component (AddParameter): Name = "LatestRevisionNote"; Value = "Re-released for DXP Platform."; VariantName = "[No Variations]"
Add component (AddParameter): Name = "Publisher"; Value = "Altium Limited"; VariantName = "[No Variations]"
Added Pin To Net: NetName=AVCC1 Pin=P2-1
Added Pin To Net: NetName=+5 Pin=P2-2
Added Pin To Net: NetName=LCD_CS Pin=P2-5
Added Pin To Net: NetName=HorzZoomUp Pin=P2-6
Added Pin To Net: NetName=LCD_SCK Pin=P2-7
Added Pin To Net: NetName=P3.0 Pin=P2-8
Added Pin To Net: NetName=LCD_RS Pin=P2-9
Added Pin To Net: NetName=P3.1 Pin=P2-10
Added Pin To Net: NetName=LCD_SD0 Pin=P2-11
Added Pin To Net: NetName=HorzZoomDn Pin=P2-12
Added Pin To Net: NetName=LCD_SDI Pin=P2-13
Added Pin To Net: NetName=P3.4 Pin=P2-14
Added Pin To Net: NetName=TP_CS Pin=P2-15
Added Pin To Net: NetName=P3.5 Pin=P2-16
Added Pin To Net: NetName=TP_IRQ Pin=P2-17
Added Pin To Net: NetName=OffsetLevel Pin=P2-18
Added Pin To Net: NetName=AVSS1 Pin=P2-19
Added Pin To Net: NetName=-5 Pin=P2-20
Added Pin To Net: NetName=HorzZoomUp Pin=P4-9
Added Pin To Net: NetName=HorzZoomDn Pin=P4-10
Added Pin To Net: NetName=AVCC1 Pin=P17-1
Added Pin To Net: NetName=LCD_CS Pin=P17-5
Added Pin To Net: NetName=HorzZoomUp Pin=P17-6
Added Pin To Net: NetName=LCD_SCK Pin=P17-7
Added Pin To Net: NetName=P3.0 Pin=P17-8
Added Pin To Net: NetName=LCD_RS Pin=P17-9
Added Pin To Net: NetName=P3.1 Pin=P17-10
Added Pin To Net: NetName=LCD_SD0 Pin=P17-11
Added Pin To Net: NetName=HorzZoomDn Pin=P17-12
Added Pin To Net: NetName=LCD_SDI Pin=P17-13
Added Pin To Net: NetName=P3.4 Pin=P17-14
Added Pin To Net: NetName=TP_CS Pin=P17-15
Added Pin To Net: NetName=P3.5 Pin=P17-16
Added Pin To Net: NetName=TP_IRQ Pin=P17-17
Added Pin To Net: NetName=OffsetLevel Pin=P17-18
Added Pin To Net: NetName=AVSS1 Pin=P17-19
Added Pin To Net: NetName=-3.3V Pin=P17-20
Added Pin To Net: NetName=P3.0 Pin=R9-1
Added Pin To Net: NetName=P3.1 Pin=R10-1
Added Pin To Net: NetName=P3.4 Pin=R13-1
Added Pin To Net: NetName=P3.5 Pin=R14-1
Added Pin To Net: NetName=P3.5 Pin=TrigDn1-2
Added Pin To Net: NetName=P3.4 Pin=TrigUp1-2
Added Pin To Net: NetName=HorzZoomUp Pin=U1-34
Added Pin To Net: NetName=HorzZoomDn Pin=U1-35
Added Pin To Net: NetName=P3.1 Pin=VertDn1-2
Added Pin To Net: NetName=P3.0 Pin=VertUp1-2
Added Pin To Net: NetName=P2.2 Pin=P3-18
Added Pin To Net: NetName=P2.2 Pin=U1-18
Added Net: Name=P2.2
Added Pin To Net: NetName=P2.3 Pin=P3-19
Added Pin To Net: NetName=P2.3 Pin=U1-19
Added Net: Name=P2.3
